{"/home/travis/build/npmtest/node-npmtest-fstream/test.js":{"path":"/home/travis/build/npmtest/node-npmtest-fstream/test.js","s":{"1":2,"2":2,"3":2,"4":2,"5":2,"6":2,"7":2,"8":1,"9":2,"10":2,"11":1,"12":1,"13":1,"14":1,"15":2,"16":2,"17":2,"18":2,"19":1,"20":1,"21":2,"22":2,"23":2,"24":1,"25":1,"26":1,"27":1,"28":1,"29":1,"30":1,"31":1,"32":1,"33":1,"34":1,"35":1,"36":1,"37":1,"38":1,"39":2,"40":2,"41":1,"42":2,"43":2,"44":1,"45":2,"46":2,"47":1,"48":2,"49":2,"50":1,"51":1,"52":1,"53":1,"54":1},"b":{"1":[2,1,1,1],"2":[1,1,1,1],"3":[1,1],"4":[1,1],"5":[1,1],"6":[1,1],"7":[1,1],"8":[1,1],"9":[1,1],"10":[1,1,1],"11":[1,1],"12":[1,1],"13":[1,1],"14":[1,1],"15":[1,1],"16":[1,1],"17":[1,1]},"f":{"1":2,"2":2,"3":2,"4":2,"5":2,"6":1,"7":1,"8":1,"9":2,"10":2,"11":2,"12":2,"13":1},"fnMap":{"1":{"name":"(anonymous_1)","line":12,"loc":{"start":{"line":12,"column":1},"end":{"line":12,"column":13}}},"2":{"name":"(anonymous_2)","line":19,"loc":{"start":{"line":19,"column":5},"end":{"line":19,"column":17}}},"3":{"name":"(anonymous_3)","line":23,"loc":{"start":{"line":23,"column":24},"end":{"line":23,"column":36}}},"4":{"name":"(anonymous_4)","line":61,"loc":{"start":{"line":61,"column":5},"end":{"line":61,"column":17}}},"5":{"name":"(anonymous_5)","line":82,"loc":{"start":{"line":82,"column":5},"end":{"line":82,"column":17}}},"6":{"name":"(anonymous_6)","line":91,"loc":{"start":{"line":91,"column":77},"end":{"line":94,"column":10}}},"7":{"name":"(anonymous_7)","line":112,"loc":{"start":{"line":112,"column":83},"end":{"line":115,"column":10}},"skip":true},"8":{"name":"(anonymous_8)","line":123,"loc":{"start":{"line":123,"column":77},"end":{"line":126,"column":10}},"skip":true},"9":{"name":"(anonymous_9)","line":139,"loc":{"start":{"line":139,"column":12},"end":{"line":139,"column":40}},"skip":true},"10":{"name":"(anonymous_10)","line":147,"loc":{"start":{"line":147,"column":77},"end":{"line":150,"column":10}},"skip":true},"11":{"name":"(anonymous_11)","line":158,"loc":{"start":{"line":158,"column":83},"end":{"line":161,"column":10}},"skip":true},"12":{"name":"(anonymous_12)","line":169,"loc":{"start":{"line":169,"column":79},"end":{"line":172,"column":10}},"skip":true},"13":{"name":"(anonymous_13)","line":180,"loc":{"start":{"line":180,"column":75},"end":{"line":183,"column":10}},"skip":true}},"statementMap":{"1":{"start":{"line":12,"column":0},"end":{"line":195,"column":5}},"2":{"start":{"line":14,"column":4},"end":{"line":14,"column":14}},"3":{"start":{"line":19,"column":4},"end":{"line":56,"column":9}},"4":{"start":{"line":21,"column":8},"end":{"line":21,"column":19}},"5":{"start":{"line":23,"column":8},"end":{"line":35,"column":13}},"6":{"start":{"line":24,"column":12},"end":{"line":34,"column":13}},"7":{"start":{"line":25,"column":16},"end":{"line":28,"column":30}},"8":{"start":{"line":30,"column":16},"end":{"line":33,"column":27}},"9":{"start":{"line":37,"column":8},"end":{"line":39,"column":21}},"10":{"start":{"line":40,"column":8},"end":{"line":53,"column":9}},"11":{"start":{"line":43,"column":12},"end":{"line":46,"column":14}},"12":{"start":{"line":47,"column":12},"end":{"line":47,"column":18}},"13":{"start":{"line":50,"column":12},"end":{"line":51,"column":46}},"14":{"start":{"line":52,"column":12},"end":{"line":52,"column":18}},"15":{"start":{"line":55,"column":8},"end":{"line":55,"column":35}},"16":{"start":{"line":61,"column":4},"end":{"line":63,"column":9}},"17":{"start":{"line":62,"column":8},"end":{"line":62,"column":15}},"18":{"start":{"line":64,"column":4},"end":{"line":77,"column":5}},"19":{"start":{"line":70,"column":8},"end":{"line":70,"column":14}},"20":{"start":{"line":76,"column":8},"end":{"line":76,"column":14}},"21":{"start":{"line":82,"column":4},"end":{"line":84,"column":9}},"22":{"start":{"line":83,"column":8},"end":{"line":83,"column":15}},"23":{"start":{"line":85,"column":4},"end":{"line":194,"column":5}},"24":{"start":{"line":91,"column":8},"end":{"line":99,"column":10}},"25":{"start":{"line":98,"column":12},"end":{"line":98,"column":35}},"26":{"start":{"line":102,"column":8},"end":{"line":104,"column":63}},"27":{"start":{"line":105,"column":8},"end":{"line":105,"column":14}},"28":{"start":{"line":112,"column":8},"end":{"line":121,"column":10},"skip":true},"29":{"start":{"line":119,"column":12},"end":{"line":119,"column":55},"skip":true},"30":{"start":{"line":120,"column":12},"end":{"line":120,"column":48},"skip":true},"31":{"start":{"line":123,"column":8},"end":{"line":136,"column":10},"skip":true},"32":{"start":{"line":130,"column":12},"end":{"line":130,"column":76},"skip":true},"33":{"start":{"line":131,"column":12},"end":{"line":131,"column":73},"skip":true},"34":{"start":{"line":132,"column":12},"end":{"line":132,"column":74},"skip":true},"35":{"start":{"line":133,"column":12},"end":{"line":133,"column":79},"skip":true},"36":{"start":{"line":134,"column":12},"end":{"line":134,"column":25},"skip":true},"37":{"start":{"line":135,"column":12},"end":{"line":135,"column":45},"skip":true},"38":{"start":{"line":138,"column":8},"end":{"line":145,"column":14},"skip":true},"39":{"start":{"line":143,"column":16},"end":{"line":143,"column":29},"skip":true},"40":{"start":{"line":144,"column":16},"end":{"line":144,"column":55},"skip":true},"41":{"start":{"line":147,"column":8},"end":{"line":156,"column":10},"skip":true},"42":{"start":{"line":154,"column":12},"end":{"line":154,"column":25},"skip":true},"43":{"start":{"line":155,"column":12},"end":{"line":155,"column":45},"skip":true},"44":{"start":{"line":158,"column":8},"end":{"line":167,"column":10},"skip":true},"45":{"start":{"line":165,"column":12},"end":{"line":165,"column":25},"skip":true},"46":{"start":{"line":166,"column":12},"end":{"line":166,"column":48},"skip":true},"47":{"start":{"line":169,"column":8},"end":{"line":178,"column":10},"skip":true},"48":{"start":{"line":176,"column":12},"end":{"line":176,"column":25},"skip":true},"49":{"start":{"line":177,"column":12},"end":{"line":177,"column":46},"skip":true},"50":{"start":{"line":180,"column":8},"end":{"line":189,"column":10},"skip":true},"51":{"start":{"line":187,"column":12},"end":{"line":187,"column":94},"skip":true},"52":{"start":{"line":188,"column":12},"end":{"line":188,"column":48},"skip":true},"53":{"start":{"line":192,"column":8},"end":{"line":192,"column":35},"skip":true},"54":{"start":{"line":193,"column":8},"end":{"line":193,"column":14},"skip":true}},"branchMap":{"1":{"line":25,"type":"binary-expr","locations":[{"start":{"line":25,"column":23},"end":{"line":25,"column":62}},{"start":{"line":26,"column":20},"end":{"line":26,"column":70}},{"start":{"line":27,"column":20},"end":{"line":27,"column":71}},{"start":{"line":28,"column":20},"end":{"line":28,"column":29}}]},"2":{"line":30,"type":"binary-expr","locations":[{"start":{"line":30,"column":23},"end":{"line":30,"column":37}},{"start":{"line":31,"column":20},"end":{"line":31,"column":61}},{"start":{"line":32,"column":20},"end":{"line":32,"column":70}},{"start":{"line":33,"column":20},"end":{"line":33,"column":26}}]},"3":{"line":37,"type":"cond-expr","locations":[{"start":{"line":38,"column":14},"end":{"line":38,"column":20}},{"start":{"line":39,"column":14},"end":{"line":39,"column":20}}]},"4":{"line":40,"type":"switch","locations":[{"start":{"line":42,"column":8},"end":{"line":47,"column":18}},{"start":{"line":49,"column":8},"end":{"line":52,"column":18}}]},"5":{"line":44,"type":"binary-expr","locations":[{"start":{"line":44,"column":16},"end":{"line":44,"column":44}},{"start":{"line":44,"column":48},"end":{"line":44,"column":66}}]},"6":{"line":50,"type":"binary-expr","locations":[{"start":{"line":50,"column":21},"end":{"line":50,"column":49}},{"start":{"line":50,"column":53},"end":{"line":50,"column":72}}]},"7":{"line":64,"type":"switch","locations":[{"start":{"line":69,"column":4},"end":{"line":70,"column":14}},{"start":{"line":75,"column":4},"end":{"line":76,"column":14}}]},"8":{"line":85,"type":"switch","locations":[{"start":{"line":90,"column":4},"end":{"line":105,"column":14}},{"start":{"line":111,"column":4},"end":{"line":193,"column":14},"skip":true}]},"9":{"line":91,"type":"binary-expr","locations":[{"start":{"line":91,"column":42},"end":{"line":91,"column":73}},{"start":{"line":91,"column":77},"end":{"line":99,"column":9}}]},"10":{"line":102,"type":"binary-expr","locations":[{"start":{"line":102,"column":18},"end":{"line":102,"column":32}},{"start":{"line":103,"column":12},"end":{"line":103,"column":53}},{"start":{"line":104,"column":12},"end":{"line":104,"column":61}}]},"11":{"line":112,"type":"binary-expr","locations":[{"start":{"line":112,"column":45},"end":{"line":112,"column":79},"skip":true},{"start":{"line":112,"column":83},"end":{"line":121,"column":9},"skip":true}]},"12":{"line":123,"type":"binary-expr","locations":[{"start":{"line":123,"column":42},"end":{"line":123,"column":73},"skip":true},{"start":{"line":123,"column":77},"end":{"line":136,"column":9},"skip":true}]},"13":{"line":138,"type":"binary-expr","locations":[{"start":{"line":138,"column":48},"end":{"line":138,"column":85},"skip":true},{"start":{"line":139,"column":12},"end":{"line":145,"column":13},"skip":true}]},"14":{"line":147,"type":"binary-expr","locations":[{"start":{"line":147,"column":42},"end":{"line":147,"column":73},"skip":true},{"start":{"line":147,"column":77},"end":{"line":156,"column":9},"skip":true}]},"15":{"line":158,"type":"binary-expr","locations":[{"start":{"line":158,"column":45},"end":{"line":158,"column":79},"skip":true},{"start":{"line":158,"column":83},"end":{"line":167,"column":9},"skip":true}]},"16":{"line":169,"type":"binary-expr","locations":[{"start":{"line":169,"column":43},"end":{"line":169,"column":75},"skip":true},{"start":{"line":169,"column":79},"end":{"line":178,"column":9},"skip":true}]},"17":{"line":180,"type":"binary-expr","locations":[{"start":{"line":180,"column":41},"end":{"line":180,"column":71},"skip":true},{"start":{"line":180,"column":75},"end":{"line":189,"column":9},"skip":true}]}},"code":["/* istanbul instrument in package npmtest_fstream */","/*jslint","    bitwise: true,","    browser: true,","    maxerr: 8,","    maxlen: 96,","    node: true,","    nomen: true,","    regexp: true,","    stupid: true","*/","(function () {","    'use strict';","    var local;","","","","    // run shared js-env code - pre-init","    (function () {","        // init local","        local = {};","        // init modeJs","        local.modeJs = (function () {","            try {","                return typeof navigator.userAgent === 'string' &&","                    typeof document.querySelector('body') === 'object' &&","                    typeof XMLHttpRequest.prototype.open === 'function' &&","                    'browser';","            } catch (errorCaughtBrowser) {","                return module.exports &&","                    typeof process.versions.node === 'string' &&","                    typeof require('http').createServer === 'function' &&","                    'node';","            }","        }());","        // init global","        local.global = local.modeJs === 'browser'","            ? window","            : global;","        switch (local.modeJs) {","        // re-init local from window.local","        case 'browser':","            local = local.global.utility2.objectSetDefault(","                local.global.utility2_rollup || local.global.local,","                local.global.utility2","            );","            break;","        // re-init local from example.js","        case 'node':","            local = (local.global.utility2_rollup || require('utility2'))","                .requireExampleJsFromReadme();","            break;","        }","        // export local","        local.global.local = local;","    }());","","","","    // run shared js-env code - function","    (function () {","        return;","    }());","    switch (local.modeJs) {","","","","    // run browser js-env code - function","    case 'browser':","        break;","","","","    // run node js-env code - function","    case 'node':","        break;","    }","","","","    // run shared js-env code - post-init","    (function () {","        return;","    }());","    switch (local.modeJs) {","","","","    // run browser js-env code - post-init","    case 'browser':","        local.testCase_browser_nullCase = local.testCase_browser_nullCase || function (","            options,","            onError","        ) {","        /*","         * this function will test browsers's null-case handling-behavior-behavior","         */","            onError(null, options);","        };","","        // run tests","        local.nop(local.modeTest &&","            document.querySelector('#testRunButton1') &&","            document.querySelector('#testRunButton1').click());","        break;","","","","    // run node js-env code - post-init","    /* istanbul ignore next */","    case 'node':","        local.testCase_buildApidoc_default = local.testCase_buildApidoc_default || function (","            options,","            onError","        ) {","        /*","         * this function will test buildApidoc's default handling-behavior-behavior","         */","            options = { modulePathList: module.paths };","            local.buildApidoc(options, onError);","        };","","        local.testCase_buildApp_default = local.testCase_buildApp_default || function (","            options,","            onError","        ) {","        /*","         * this function will test buildApp's default handling-behavior-behavior","         */","            local.testCase_buildReadme_default(options, local.onErrorThrow);","            local.testCase_buildLib_default(options, local.onErrorThrow);","            local.testCase_buildTest_default(options, local.onErrorThrow);","            local.testCase_buildCustomOrg_default(options, local.onErrorThrow);","            options = [];","            local.buildApp(options, onError);","        };","","        local.testCase_buildCustomOrg_default = local.testCase_buildCustomOrg_default ||","            function (options, onError) {","            /*","             * this function will test buildCustomOrg's default handling-behavior","             */","                options = {};","                local.buildCustomOrg(options, onError);","            };","","        local.testCase_buildLib_default = local.testCase_buildLib_default || function (","            options,","            onError","        ) {","        /*","         * this function will test buildLib's default handling-behavior","         */","            options = {};","            local.buildLib(options, onError);","        };","","        local.testCase_buildReadme_default = local.testCase_buildReadme_default || function (","            options,","            onError","        ) {","        /*","         * this function will test buildReadme's default handling-behavior-behavior","         */","            options = {};","            local.buildReadme(options, onError);","        };","","        local.testCase_buildTest_default = local.testCase_buildTest_default || function (","            options,","            onError","        ) {","        /*","         * this function will test buildTest's default handling-behavior","         */","            options = {};","            local.buildTest(options, onError);","        };","","        local.testCase_webpage_default = local.testCase_webpage_default || function (","            options,","            onError","        ) {","        /*","         * this function will test webpage's default handling-behavior","         */","            options = { modeCoverageMerge: true, url: local.serverLocalHost + '?modeTest=1' };","            local.browserTest(options, onError);","        };","","        // run test-server","        local.testRunServer(local);","        break;","    }","}());",""],"l":{"12":2,"14":2,"19":2,"21":2,"23":2,"24":2,"25":2,"30":1,"37":2,"40":2,"43":1,"47":1,"50":1,"52":1,"55":2,"61":2,"62":2,"64":2,"70":1,"76":1,"82":2,"83":2,"85":2,"91":1,"98":1,"102":1,"105":1,"112":1,"119":1,"120":1,"123":1,"130":1,"131":1,"132":1,"133":1,"134":1,"135":1,"138":1,"143":2,"144":2,"147":1,"154":2,"155":2,"158":1,"165":2,"166":2,"169":1,"176":2,"177":2,"180":1,"187":1,"188":1,"192":1,"193":1}},"/home/travis/build/npmtest/node-npmtest-fstream/lib.npmtest_fstream.js":{"path":"/home/travis/build/npmtest/node-npmtest-fstream/lib.npmtest_fstream.js","s":{"1":2,"2":2,"3":2,"4":2,"5":2,"6":2,"7":2,"8":1,"9":2,"10":2,"11":2,"12":2,"13":1,"14":1,"15":1,"16":1},"b":{"1":[2,1,1,1],"2":[1,1,1,1],"3":[1,1],"4":[2,2],"5":[1,1]},"f":{"1":2,"2":2,"3":2},"fnMap":{"1":{"name":"(anonymous_1)","line":12,"loc":{"start":{"line":12,"column":1},"end":{"line":12,"column":13}}},"2":{"name":"(anonymous_2)","line":19,"loc":{"start":{"line":19,"column":5},"end":{"line":19,"column":17}}},"3":{"name":"(anonymous_3)","line":23,"loc":{"start":{"line":23,"column":24},"end":{"line":23,"column":36}}}},"statementMap":{"1":{"start":{"line":12,"column":0},"end":{"line":53,"column":5}},"2":{"start":{"line":14,"column":4},"end":{"line":14,"column":14}},"3":{"start":{"line":19,"column":4},"end":{"line":52,"column":9}},"4":{"start":{"line":21,"column":8},"end":{"line":21,"column":19}},"5":{"start":{"line":23,"column":8},"end":{"line":35,"column":13}},"6":{"start":{"line":24,"column":12},"end":{"line":34,"column":13}},"7":{"start":{"line":25,"column":16},"end":{"line":28,"column":30}},"8":{"start":{"line":30,"column":16},"end":{"line":33,"column":27}},"9":{"start":{"line":37,"column":8},"end":{"line":39,"column":21}},"10":{"start":{"line":41,"column":8},"end":{"line":41,"column":54}},"11":{"start":{"line":43,"column":8},"end":{"line":43,"column":52}},"12":{"start":{"line":45,"column":8},"end":{"line":51,"column":9}},"13":{"start":{"line":46,"column":12},"end":{"line":46,"column":58}},"14":{"start":{"line":48,"column":12},"end":{"line":48,"column":35}},"15":{"start":{"line":49,"column":12},"end":{"line":49,"column":49}},"16":{"start":{"line":50,"column":12},"end":{"line":50,"column":43}}},"branchMap":{"1":{"line":25,"type":"binary-expr","locations":[{"start":{"line":25,"column":23},"end":{"line":25,"column":62}},{"start":{"line":26,"column":20},"end":{"line":26,"column":70}},{"start":{"line":27,"column":20},"end":{"line":27,"column":71}},{"start":{"line":28,"column":20},"end":{"line":28,"column":29}}]},"2":{"line":30,"type":"binary-expr","locations":[{"start":{"line":30,"column":23},"end":{"line":30,"column":37}},{"start":{"line":31,"column":20},"end":{"line":31,"column":61}},{"start":{"line":32,"column":20},"end":{"line":32,"column":70}},{"start":{"line":33,"column":20},"end":{"line":33,"column":26}}]},"3":{"line":37,"type":"cond-expr","locations":[{"start":{"line":38,"column":14},"end":{"line":38,"column":20}},{"start":{"line":39,"column":14},"end":{"line":39,"column":20}}]},"4":{"line":41,"type":"binary-expr","locations":[{"start":{"line":41,"column":16},"end":{"line":41,"column":44}},{"start":{"line":41,"column":48},"end":{"line":41,"column":53}}]},"5":{"line":45,"type":"if","locations":[{"start":{"line":45,"column":8},"end":{"line":45,"column":8}},{"start":{"line":45,"column":8},"end":{"line":45,"column":8}}]}},"code":["/* istanbul instrument in package npmtest_fstream */","/*jslint","    bitwise: true,","    browser: true,","    maxerr: 8,","    maxlen: 96,","    node: true,","    nomen: true,","    regexp: true,","    stupid: true","*/","(function () {","    'use strict';","    var local;","","","","    // run shared js-env code - pre-init","    (function () {","        // init local","        local = {};","        // init modeJs","        local.modeJs = (function () {","            try {","                return typeof navigator.userAgent === 'string' &&","                    typeof document.querySelector('body') === 'object' &&","                    typeof XMLHttpRequest.prototype.open === 'function' &&","                    'browser';","            } catch (errorCaughtBrowser) {","                return module.exports &&","                    typeof process.versions.node === 'string' &&","                    typeof require('http').createServer === 'function' &&","                    'node';","            }","        }());","        // init global","        local.global = local.modeJs === 'browser'","            ? window","            : global;","        // init utility2_rollup","        local = local.global.utility2_rollup || local;","        // init lib","        local.local = local.npmtest_fstream = local;","        // init exports","        if (local.modeJs === 'browser') {","            local.global.utility2_npmtest_fstream = local;","        } else {","            module.exports = local;","            module.exports.__dirname = __dirname;","            module.exports.module = module;","        }","    }());","}());",""],"l":{"12":2,"14":2,"19":2,"21":2,"23":2,"24":2,"25":2,"30":1,"37":2,"41":2,"43":2,"45":2,"46":1,"48":1,"49":1,"50":1}},"/home/travis/build/npmtest/node-npmtest-fstream/example.js":{"path":"/home/travis/build/npmtest/node-npmtest-fstream/example.js","s":{"1":2,"2":2,"3":2,"4":2,"5":2,"6":2,"7":2,"8":1,"9":2,"10":2,"11":2,"12":2,"13":1,"14":2,"15":2,"16":2,"17":2,"18":2,"19":0,"20":2,"21":1,"22":1,"23":1,"24":1,"25":1,"26":0,"27":0,"28":1,"29":1,"30":2,"31":0,"32":0,"33":0,"34":1,"35":2,"36":2,"37":3,"38":3,"39":3,"40":3,"41":0,"42":3,"43":3,"44":3,"45":1,"46":3,"47":1,"48":1,"49":1,"50":1,"51":1,"52":1,"53":1,"54":1,"55":1,"56":1,"57":0,"58":1,"59":6,"60":6,"61":1,"62":2,"63":0,"64":2,"65":1,"66":1,"67":0,"68":0,"69":0,"70":0,"71":0,"72":0,"73":0,"74":0,"75":0,"76":0,"77":0,"78":0,"79":0,"80":0,"81":0,"82":0,"83":0},"b":{"1":[2,1,1,1],"2":[1,1,1,1],"3":[1,1],"4":[2,2],"5":[1,1],"6":[1,1],"7":[2,0],"8":[2,1,1,1,1,1],"9":[0,2,0],"10":[1,1],"11":[2,1,1],"12":[1,0],"13":[0,2],"14":[2,0,0,0,0,0,0],"15":[0,3],"16":[3,0],"17":[1,1],"18":[0,1],"19":[1,2,0,2],"20":[1,0],"21":[1,1],"22":[0,0],"23":[0,0],"24":[0,0],"25":[0,0],"26":[0,0],"27":[0,0],"28":[0,0]},"f":{"1":2,"2":2,"3":2,"4":2,"5":2,"6":2,"7":3,"8":3,"9":3,"10":1,"11":6,"12":0},"fnMap":{"1":{"name":"(anonymous_1)","line":26,"loc":{"start":{"line":26,"column":1},"end":{"line":26,"column":13}}},"2":{"name":"(anonymous_2)","line":33,"loc":{"start":{"line":33,"column":5},"end":{"line":33,"column":17}}},"3":{"name":"(anonymous_3)","line":37,"loc":{"start":{"line":37,"column":24},"end":{"line":37,"column":36}}},"4":{"name":"(anonymous_4)","line":69,"loc":{"start":{"line":69,"column":31},"end":{"line":69,"column":48}},"skip":true},"5":{"name":"(anonymous_5)","line":78,"loc":{"start":{"line":78,"column":26},"end":{"line":78,"column":45}},"skip":true},"6":{"name":"(anonymous_6)","line":123,"loc":{"start":{"line":123,"column":33},"end":{"line":123,"column":48}},"skip":true},"7":{"name":"(anonymous_7)","line":125,"loc":{"start":{"line":125,"column":27},"end":{"line":125,"column":39}},"skip":true},"8":{"name":"(anonymous_8)","line":133,"loc":{"start":{"line":133,"column":59},"end":{"line":133,"column":74}},"skip":true},"9":{"name":"(anonymous_9)","line":143,"loc":{"start":{"line":143,"column":45},"end":{"line":143,"column":62}},"skip":true},"10":{"name":"(anonymous_10)","line":144,"loc":{"start":{"line":144,"column":73},"end":{"line":144,"column":92}},"skip":true},"11":{"name":"(anonymous_11)","line":272,"loc":{"start":{"line":272,"column":51},"end":{"line":272,"column":77}},"skip":true},"12":{"name":"(anonymous_12)","line":315,"loc":{"start":{"line":315,"column":32},"end":{"line":315,"column":61}},"skip":true}},"statementMap":{"1":{"start":{"line":26,"column":0},"end":{"line":326,"column":5}},"2":{"start":{"line":28,"column":4},"end":{"line":28,"column":14}},"3":{"start":{"line":33,"column":4},"end":{"line":60,"column":9}},"4":{"start":{"line":35,"column":8},"end":{"line":35,"column":19}},"5":{"start":{"line":37,"column":8},"end":{"line":49,"column":13}},"6":{"start":{"line":38,"column":12},"end":{"line":48,"column":13}},"7":{"start":{"line":39,"column":16},"end":{"line":42,"column":30}},"8":{"start":{"line":44,"column":16},"end":{"line":47,"column":27}},"9":{"start":{"line":51,"column":8},"end":{"line":53,"column":21}},"10":{"start":{"line":55,"column":8},"end":{"line":57,"column":45}},"11":{"start":{"line":59,"column":8},"end":{"line":59,"column":35}},"12":{"start":{"line":61,"column":4},"end":{"line":325,"column":5}},"13":{"start":{"line":69,"column":8},"end":{"line":121,"column":10},"skip":true},"14":{"start":{"line":70,"column":12},"end":{"line":88,"column":13},"skip":true},"15":{"start":{"line":76,"column":16},"end":{"line":87,"column":19},"skip":true},"16":{"start":{"line":79,"column":20},"end":{"line":86,"column":21},"skip":true},"17":{"start":{"line":82,"column":24},"end":{"line":82,"column":43},"skip":true},"18":{"start":{"line":83,"column":24},"end":{"line":83,"column":30},"skip":true},"19":{"start":{"line":85,"column":24},"end":{"line":85,"column":49},"skip":true},"20":{"start":{"line":89,"column":12},"end":{"line":107,"column":13},"skip":true},"21":{"start":{"line":92,"column":16},"end":{"line":102,"column":17},"skip":true},"22":{"start":{"line":93,"column":20},"end":{"line":93,"column":86},"skip":true},"23":{"start":{"line":94,"column":20},"end":{"line":95,"column":45},"skip":true},"24":{"start":{"line":96,"column":20},"end":{"line":96,"column":42},"skip":true},"25":{"start":{"line":97,"column":20},"end":{"line":97,"column":48},"skip":true},"26":{"start":{"line":100,"column":20},"end":{"line":100,"column":85},"skip":true},"27":{"start":{"line":101,"column":20},"end":{"line":101,"column":96},"skip":true},"28":{"start":{"line":103,"column":16},"end":{"line":103,"column":22},"skip":true},"29":{"start":{"line":106,"column":16},"end":{"line":106,"column":22},"skip":true},"30":{"start":{"line":108,"column":12},"end":{"line":120,"column":13},"skip":true},"31":{"start":{"line":114,"column":16},"end":{"line":119,"column":17},"skip":true},"32":{"start":{"line":116,"column":20},"end":{"line":116,"column":78},"skip":true},"33":{"start":{"line":118,"column":20},"end":{"line":118,"column":47},"skip":true},"34":{"start":{"line":123,"column":8},"end":{"line":141,"column":11},"skip":true},"35":{"start":{"line":124,"column":12},"end":{"line":124,"column":54},"skip":true},"36":{"start":{"line":125,"column":12},"end":{"line":140,"column":14},"skip":true},"37":{"start":{"line":126,"column":16},"end":{"line":126,"column":28},"skip":true},"38":{"start":{"line":127,"column":16},"end":{"line":127,"column":69},"skip":true},"39":{"start":{"line":128,"column":16},"end":{"line":128,"column":75},"skip":true},"40":{"start":{"line":129,"column":16},"end":{"line":131,"column":17},"skip":true},"41":{"start":{"line":130,"column":20},"end":{"line":130,"column":27},"skip":true},"42":{"start":{"line":133,"column":16},"end":{"line":137,"column":36},"skip":true},"43":{"start":{"line":134,"column":20},"end":{"line":136,"column":55},"skip":true},"44":{"start":{"line":139,"column":16},"end":{"line":139,"column":57},"skip":true},"45":{"start":{"line":143,"column":8},"end":{"line":147,"column":11},"skip":true},"46":{"start":{"line":144,"column":12},"end":{"line":146,"column":15},"skip":true},"47":{"start":{"line":145,"column":16},"end":{"line":145,"column":70},"skip":true},"48":{"start":{"line":149,"column":8},"end":{"line":149,"column":31},"skip":true},"49":{"start":{"line":150,"column":8},"end":{"line":150,"column":14},"skip":true},"50":{"start":{"line":158,"column":8},"end":{"line":158,"column":31},"skip":true},"51":{"start":{"line":160,"column":8},"end":{"line":160,"column":33},"skip":true},"52":{"start":{"line":161,"column":8},"end":{"line":161,"column":37},"skip":true},"53":{"start":{"line":162,"column":8},"end":{"line":162,"column":35},"skip":true},"54":{"start":{"line":164,"column":8},"end":{"line":164,"column":50},"skip":true},"55":{"start":{"line":166,"column":8},"end":{"line":256,"column":2},"skip":true},"56":{"start":{"line":258,"column":8},"end":{"line":286,"column":9},"skip":true},"57":{"start":{"line":259,"column":12},"end":{"line":269,"column":14},"skip":true},"58":{"start":{"line":271,"column":12},"end":{"line":285,"column":19},"skip":true},"59":{"start":{"line":274,"column":20},"end":{"line":274,"column":35},"skip":true},"60":{"start":{"line":275,"column":20},"end":{"line":284,"column":21},"skip":true},"61":{"start":{"line":277,"column":24},"end":{"line":277,"column":64},"skip":true},"62":{"start":{"line":279,"column":24},"end":{"line":279,"column":40},"skip":true},"63":{"start":{"line":281,"column":24},"end":{"line":281,"column":40},"skip":true},"64":{"start":{"line":283,"column":24},"end":{"line":283,"column":39},"skip":true},"65":{"start":{"line":288,"column":8},"end":{"line":290,"column":9},"skip":true},"66":{"start":{"line":289,"column":12},"end":{"line":289,"column":18},"skip":true},"67":{"start":{"line":291,"column":8},"end":{"line":293,"column":54},"skip":true},"68":{"start":{"line":296,"column":8},"end":{"line":301,"column":37},"skip":true},"69":{"start":{"line":303,"column":8},"end":{"line":303,"column":82},"skip":true},"70":{"start":{"line":306,"column":8},"end":{"line":308,"column":9},"skip":true},"71":{"start":{"line":307,"column":12},"end":{"line":307,"column":82},"skip":true},"72":{"start":{"line":310,"column":8},"end":{"line":312,"column":9},"skip":true},"73":{"start":{"line":311,"column":12},"end":{"line":311,"column":18},"skip":true},"74":{"start":{"line":313,"column":8},"end":{"line":313,"column":54},"skip":true},"75":{"start":{"line":314,"column":8},"end":{"line":314,"column":69},"skip":true},"76":{"start":{"line":315,"column":8},"end":{"line":323,"column":36},"skip":true},"77":{"start":{"line":316,"column":12},"end":{"line":316,"column":61},"skip":true},"78":{"start":{"line":317,"column":12},"end":{"line":320,"column":13},"skip":true},"79":{"start":{"line":318,"column":16},"end":{"line":318,"column":75},"skip":true},"80":{"start":{"line":319,"column":16},"end":{"line":319,"column":23},"skip":true},"81":{"start":{"line":321,"column":12},"end":{"line":321,"column":38},"skip":true},"82":{"start":{"line":322,"column":12},"end":{"line":322,"column":27},"skip":true},"83":{"start":{"line":324,"column":8},"end":{"line":324,"column":14},"skip":true}},"branchMap":{"1":{"line":39,"type":"binary-expr","locations":[{"start":{"line":39,"column":23},"end":{"line":39,"column":62}},{"start":{"line":40,"column":20},"end":{"line":40,"column":70}},{"start":{"line":41,"column":20},"end":{"line":41,"column":71}},{"start":{"line":42,"column":20},"end":{"line":42,"column":29}}]},"2":{"line":44,"type":"binary-expr","locations":[{"start":{"line":44,"column":23},"end":{"line":44,"column":37}},{"start":{"line":45,"column":20},"end":{"line":45,"column":61}},{"start":{"line":46,"column":20},"end":{"line":46,"column":70}},{"start":{"line":47,"column":20},"end":{"line":47,"column":26}}]},"3":{"line":51,"type":"cond-expr","locations":[{"start":{"line":52,"column":14},"end":{"line":52,"column":20}},{"start":{"line":53,"column":14},"end":{"line":53,"column":20}}]},"4":{"line":55,"type":"binary-expr","locations":[{"start":{"line":55,"column":16},"end":{"line":55,"column":44}},{"start":{"line":55,"column":49},"end":{"line":57,"column":43}}]},"5":{"line":55,"type":"cond-expr","locations":[{"start":{"line":56,"column":14},"end":{"line":56,"column":51}},{"start":{"line":57,"column":14},"end":{"line":57,"column":43}}]},"6":{"line":61,"type":"switch","locations":[{"start":{"line":68,"column":4},"end":{"line":150,"column":14},"skip":true},{"start":{"line":156,"column":4},"end":{"line":324,"column":14},"skip":true}]},"7":{"line":70,"type":"if","locations":[{"start":{"line":70,"column":12},"end":{"line":70,"column":12},"skip":true},{"start":{"line":70,"column":12},"end":{"line":70,"column":12},"skip":true}]},"8":{"line":70,"type":"binary-expr","locations":[{"start":{"line":70,"column":16},"end":{"line":70,"column":22},"skip":true},{"start":{"line":70,"column":27},"end":{"line":70,"column":32},"skip":true},{"start":{"line":71,"column":20},"end":{"line":71,"column":39},"skip":true},{"start":{"line":72,"column":20},"end":{"line":72,"column":49},"skip":true},{"start":{"line":73,"column":20},"end":{"line":73,"column":58},"skip":true},{"start":{"line":74,"column":20},"end":{"line":74,"column":69},"skip":true}]},"9":{"line":79,"type":"switch","locations":[{"start":{"line":80,"column":20},"end":{"line":80,"column":33},"skip":true},{"start":{"line":81,"column":20},"end":{"line":83,"column":30},"skip":true},{"start":{"line":84,"column":20},"end":{"line":85,"column":49},"skip":true}]},"10":{"line":89,"type":"switch","locations":[{"start":{"line":90,"column":12},"end":{"line":103,"column":22},"skip":true},{"start":{"line":105,"column":12},"end":{"line":106,"column":22},"skip":true}]},"11":{"line":89,"type":"binary-expr","locations":[{"start":{"line":89,"column":20},"end":{"line":89,"column":25},"skip":true},{"start":{"line":89,"column":29},"end":{"line":89,"column":48},"skip":true},{"start":{"line":89,"column":52},"end":{"line":89,"column":74},"skip":true}]},"12":{"line":92,"type":"if","locations":[{"start":{"line":92,"column":16},"end":{"line":92,"column":16},"skip":true},{"start":{"line":92,"column":16},"end":{"line":92,"column":16},"skip":true}]},"13":{"line":108,"type":"if","locations":[{"start":{"line":108,"column":12},"end":{"line":108,"column":12},"skip":true},{"start":{"line":108,"column":12},"end":{"line":108,"column":12},"skip":true}]},"14":{"line":108,"type":"binary-expr","locations":[{"start":{"line":108,"column":16},"end":{"line":108,"column":61},"skip":true},{"start":{"line":108,"column":66},"end":{"line":108,"column":72},"skip":true},{"start":{"line":108,"column":77},"end":{"line":108,"column":82},"skip":true},{"start":{"line":109,"column":20},"end":{"line":109,"column":39},"skip":true},{"start":{"line":110,"column":20},"end":{"line":110,"column":49},"skip":true},{"start":{"line":111,"column":20},"end":{"line":111,"column":58},"skip":true},{"start":{"line":112,"column":20},"end":{"line":112,"column":68},"skip":true}]},"15":{"line":129,"type":"if","locations":[{"start":{"line":129,"column":16},"end":{"line":129,"column":16},"skip":true},{"start":{"line":129,"column":16},"end":{"line":129,"column":16},"skip":true}]},"16":{"line":134,"type":"cond-expr","locations":[{"start":{"line":135,"column":26},"end":{"line":135,"column":29},"skip":true},{"start":{"line":136,"column":26},"end":{"line":136,"column":54},"skip":true}]},"17":{"line":164,"type":"binary-expr","locations":[{"start":{"line":164,"column":27},"end":{"line":164,"column":43},"skip":true},{"start":{"line":164,"column":47},"end":{"line":164,"column":49},"skip":true}]},"18":{"line":258,"type":"if","locations":[{"start":{"line":258,"column":8},"end":{"line":258,"column":8},"skip":true},{"start":{"line":258,"column":8},"end":{"line":258,"column":8},"skip":true}]},"19":{"line":275,"type":"switch","locations":[{"start":{"line":276,"column":20},"end":{"line":277,"column":64},"skip":true},{"start":{"line":278,"column":20},"end":{"line":279,"column":40},"skip":true},{"start":{"line":280,"column":20},"end":{"line":281,"column":40},"skip":true},{"start":{"line":282,"column":20},"end":{"line":283,"column":39},"skip":true}]},"20":{"line":288,"type":"if","locations":[{"start":{"line":288,"column":8},"end":{"line":288,"column":8},"skip":true},{"start":{"line":288,"column":8},"end":{"line":288,"column":8},"skip":true}]},"21":{"line":288,"type":"binary-expr","locations":[{"start":{"line":288,"column":12},"end":{"line":288,"column":40},"skip":true},{"start":{"line":288,"column":44},"end":{"line":288,"column":67},"skip":true}]},"22":{"line":292,"type":"binary-expr","locations":[{"start":{"line":292,"column":12},"end":{"line":292,"column":50},"skip":true},{"start":{"line":293,"column":12},"end":{"line":293,"column":53},"skip":true}]},"23":{"line":297,"type":"binary-expr","locations":[{"start":{"line":297,"column":12},"end":{"line":297,"column":65},"skip":true},{"start":{"line":298,"column":12},"end":{"line":301,"column":36},"skip":true}]},"24":{"line":303,"type":"binary-expr","locations":[{"start":{"line":303,"column":43},"end":{"line":303,"column":75},"skip":true},{"start":{"line":303,"column":79},"end":{"line":303,"column":81},"skip":true}]},"25":{"line":306,"type":"if","locations":[{"start":{"line":306,"column":8},"end":{"line":306,"column":8},"skip":true},{"start":{"line":306,"column":8},"end":{"line":306,"column":8},"skip":true}]},"26":{"line":310,"type":"if","locations":[{"start":{"line":310,"column":8},"end":{"line":310,"column":8},"skip":true},{"start":{"line":310,"column":8},"end":{"line":310,"column":8},"skip":true}]},"27":{"line":313,"type":"binary-expr","locations":[{"start":{"line":313,"column":27},"end":{"line":313,"column":43},"skip":true},{"start":{"line":313,"column":47},"end":{"line":313,"column":53},"skip":true}]},"28":{"line":317,"type":"if","locations":[{"start":{"line":317,"column":12},"end":{"line":317,"column":12},"skip":true},{"start":{"line":317,"column":12},"end":{"line":317,"column":12},"skip":true}]}},"code":["/*","example.js","","quickstart example","","instruction","    1. save this script as example.js","    2. run the shell command:","        $ npm install npmtest-fstream && PORT=8081 node example.js","    3. play with the browser-demo on http://127.0.0.1:8081","*/","","","","/* istanbul instrument in package npmtest_fstream */","/*jslint","    bitwise: true,","    browser: true,","    maxerr: 8,","    maxlen: 96,","    node: true,","    nomen: true,","    regexp: true,","    stupid: true","*/","(function () {","    'use strict';","    var local;","","","","    // run shared js-env code - pre-init","    (function () {","        // init local","        local = {};","        // init modeJs","        local.modeJs = (function () {","            try {","                return typeof navigator.userAgent === 'string' &&","                    typeof document.querySelector('body') === 'object' &&","                    typeof XMLHttpRequest.prototype.open === 'function' &&","                    'browser';","            } catch (errorCaughtBrowser) {","                return module.exports &&","                    typeof process.versions.node === 'string' &&","                    typeof require('http').createServer === 'function' &&","                    'node';","            }","        }());","        // init global","        local.global = local.modeJs === 'browser'","            ? window","            : global;","        // init utility2_rollup","        local = local.global.utility2_rollup || (local.modeJs === 'browser'","            ? local.global.utility2_npmtest_fstream","            : global.utility2_moduleExports);","        // export local","        local.global.local = local;","    }());","    switch (local.modeJs) {","","","","    // post-init","    // run browser js-env code - post-init","    /* istanbul ignore next */","    case 'browser':","        local.testRunBrowser = function (event) {","            if (!event || (event &&","                    event.currentTarget &&","                    event.currentTarget.className &&","                    event.currentTarget.className.includes &&","                    event.currentTarget.className.includes('onreset'))) {","                // reset output","                Array.from(","                    document.querySelectorAll('body > .resettable')","                ).forEach(function (element) {","                    switch (element.tagName) {","                    case 'INPUT':","                    case 'TEXTAREA':","                        element.value = '';","                        break;","                    default:","                        element.textContent = '';","                    }","                });","            }","            switch (event && event.currentTarget && event.currentTarget.id) {","            case 'testRunButton1':","                // show tests","                if (document.querySelector('#testReportDiv1').style.display === 'none') {","                    document.querySelector('#testReportDiv1').style.display = 'block';","                    document.querySelector('#testRunButton1').textContent =","                        'hide internal test';","                    local.modeTest = true;","                    local.testRunDefault(local);","                // hide tests","                } else {","                    document.querySelector('#testReportDiv1').style.display = 'none';","                    document.querySelector('#testRunButton1').textContent = 'run internal test';","                }","                break;","            // custom-case","            default:","                break;","            }","            if (document.querySelector('#inputTextareaEval1') && (!event || (event &&","                    event.currentTarget &&","                    event.currentTarget.className &&","                    event.currentTarget.className.includes &&","                    event.currentTarget.className.includes('oneval')))) {","                // try to eval input-code","                try {","                    /*jslint evil: true*/","                    eval(document.querySelector('#inputTextareaEval1').value);","                } catch (errorCaught) {","                    console.error(errorCaught);","                }","            }","        };","        // log stderr and stdout to #outputTextareaStdout1","        ['error', 'log'].forEach(function (key) {","            console[key + '_original'] = console[key];","            console[key] = function () {","                var element;","                console[key + '_original'].apply(console, arguments);","                element = document.querySelector('#outputTextareaStdout1');","                if (!element) {","                    return;","                }","                // append text to #outputTextareaStdout1","                element.value += Array.from(arguments).map(function (arg) {","                    return typeof arg === 'string'","                        ? arg","                        : JSON.stringify(arg, null, 4);","                }).join(' ') + '\\n';","                // scroll textarea to bottom","                element.scrollTop = element.scrollHeight;","            };","        });","        // init event-handling","        ['change', 'click', 'keyup'].forEach(function (event) {","            Array.from(document.querySelectorAll('.on' + event)).forEach(function (element) {","                element.addEventListener(event, local.testRunBrowser);","            });","        });","        // run tests","        local.testRunBrowser();","        break;","","","","    // run node js-env code - post-init","    /* istanbul ignore next */","    case 'node':","        // export local","        module.exports = local;","        // require modules","        local.fs = require('fs');","        local.http = require('http');","        local.url = require('url');","        // init assets","        local.assetsDict = local.assetsDict || {};","        /* jslint-ignore-begin */","        local.assetsDict['/assets.index.template.html'] = '\\","<!doctype html>\\n\\","<html lang=\"en\">\\n\\","<head>\\n\\","<meta charset=\"UTF-8\">\\n\\","<meta name=\"viewport\" content=\"width=device-width, initial-scale=1\">\\n\\","<title>{{env.npm_package_name}} (v{{env.npm_package_version}})</title>\\n\\","<style>\\n\\","/*csslint\\n\\","    box-sizing: false,\\n\\","    universal-selector: false\\n\\","*/\\n\\","* {\\n\\","    box-sizing: border-box;\\n\\","}\\n\\","body {\\n\\","    background: #dde;\\n\\","    font-family: Arial, Helvetica, sans-serif;\\n\\","    margin: 2rem;\\n\\","}\\n\\","body > * {\\n\\","    margin-bottom: 1rem;\\n\\","}\\n\\",".utility2FooterDiv {\\n\\","    margin-top: 20px;\\n\\","    text-align: center;\\n\\","}\\n\\","</style>\\n\\","<style>\\n\\","/*csslint\\n\\","*/\\n\\","textarea {\\n\\","    font-family: monospace;\\n\\","    height: 10rem;\\n\\","    width: 100%;\\n\\","}\\n\\","textarea[readonly] {\\n\\","    background: #ddd;\\n\\","}\\n\\","</style>\\n\\","</head>\\n\\","<body>\\n\\","<!-- utility2-comment\\n\\","<div id=\"ajaxProgressDiv1\" style=\"background: #d00; height: 2px; left: 0; margin: 0; padding: 0; position: fixed; top: 0; transition: background 0.5s, width 1.5s; width: 25%;\"></div>\\n\\","utility2-comment -->\\n\\","<h1>\\n\\","<!-- utility2-comment\\n\\","    <a\\n\\","        {{#if env.npm_package_homepage}}\\n\\","        href=\"{{env.npm_package_homepage}}\"\\n\\","        {{/if env.npm_package_homepage}}\\n\\","        target=\"_blank\"\\n\\","    >\\n\\","utility2-comment -->\\n\\","        {{env.npm_package_name}} (v{{env.npm_package_version}})\\n\\","<!-- utility2-comment\\n\\","    </a>\\n\\","utility2-comment -->\\n\\","</h1>\\n\\","<h3>{{env.npm_package_description}}</h3>\\n\\","<!-- utility2-comment\\n\\","<h4><a download href=\"assets.app.js\">download standalone app</a></h4>\\n\\","<button class=\"onclick onreset\" id=\"testRunButton1\">run internal test</button><br>\\n\\","<div id=\"testReportDiv1\" style=\"display: none;\"></div>\\n\\","utility2-comment -->\\n\\","\\n\\","\\n\\","\\n\\","<label>stderr and stdout</label>\\n\\","<textarea class=\"resettable\" id=\"outputTextareaStdout1\" readonly></textarea>\\n\\","<!-- utility2-comment\\n\\","{{#if isRollup}}\\n\\","<script src=\"assets.app.js\"></script>\\n\\","{{#unless isRollup}}\\n\\","utility2-comment -->\\n\\","<script src=\"assets.utility2.rollup.js\"></script>\\n\\","<script src=\"jsonp.utility2._stateInit?callback=window.utility2._stateInit\"></script>\\n\\","<script src=\"assets.npmtest_fstream.rollup.js\"></script>\\n\\","<script src=\"assets.example.js\"></script>\\n\\","<script src=\"assets.test.js\"></script>\\n\\","<!-- utility2-comment\\n\\","{{/if isRollup}}\\n\\","utility2-comment -->\\n\\","<div class=\"utility2FooterDiv\">\\n\\","    [ this app was created with\\n\\","    <a href=\"https://github.com/kaizhu256/node-utility2\" target=\"_blank\">utility2</a>\\n\\","    ]\\n\\","</div>\\n\\","</body>\\n\\","</html>\\n\\","';","        /* jslint-ignore-end */","        if (local.templateRender) {","            local.assetsDict['/'] = local.templateRender(","                local.assetsDict['/assets.index.template.html'],","                {","                    env: local.objectSetDefault(local.env, {","                        npm_package_description: 'the greatest app in the world!',","                        npm_package_name: 'my-app',","                        npm_package_nameAlias: 'my_app',","                        npm_package_version: '0.0.1'","                    })","                }","            );","        } else {","            local.assetsDict['/'] = local.assetsDict['/assets.index.template.html']","                .replace((/\\{\\{env\\.(\\w+?)\\}\\}/g), function (match0, match1) {","                    // jslint-hack","                    String(match0);","                    switch (match1) {","                    case 'npm_package_description':","                        return 'the greatest app in the world!';","                    case 'npm_package_name':","                        return 'my-app';","                    case 'npm_package_nameAlias':","                        return 'my_app';","                    case 'npm_package_version':","                        return '0.0.1';","                    }","                });","        }","        // run the cli","        if (local.global.utility2_rollup || module !== require.main) {","            break;","        }","        local.assetsDict['/assets.example.js'] =","            local.assetsDict['/assets.example.js'] ||","            local.fs.readFileSync(__filename, 'utf8');","        // bug-workaround - long $npm_package_buildCustomOrg","        /* jslint-ignore-begin */","        local.assetsDict['/assets.npmtest_fstream.rollup.js'] =","            local.assetsDict['/assets.npmtest_fstream.rollup.js'] ||","            local.fs.readFileSync(","                local.npmtest_fstream.__dirname + '/lib.npmtest_fstream.js',","                'utf8'","            ).replace((/^#!/), '//');","        /* jslint-ignore-end */","        local.assetsDict['/favicon.ico'] = local.assetsDict['/favicon.ico'] || '';","        // if $npm_config_timeout_exit exists,","        // then exit this process after $npm_config_timeout_exit ms","        if (Number(process.env.npm_config_timeout_exit)) {","            setTimeout(process.exit, Number(process.env.npm_config_timeout_exit));","        }","        // start server","        if (local.global.utility2_serverHttp1) {","            break;","        }","        process.env.PORT = process.env.PORT || '8081';","        console.error('server starting on port ' + process.env.PORT);","        local.http.createServer(function (request, response) {","            request.urlParsed = local.url.parse(request.url);","            if (local.assetsDict[request.urlParsed.pathname] !== undefined) {","                response.end(local.assetsDict[request.urlParsed.pathname]);","                return;","            }","            response.statusCode = 404;","            response.end();","        }).listen(process.env.PORT);","        break;","    }","}());",""],"l":{"26":2,"28":2,"33":2,"35":2,"37":2,"38":2,"39":2,"44":1,"51":2,"55":2,"59":2,"61":2,"69":1,"70":2,"76":2,"79":2,"82":2,"83":2,"85":1,"89":2,"92":1,"93":1,"94":1,"96":1,"97":1,"100":1,"101":1,"103":1,"106":1,"108":2,"114":1,"116":1,"118":1,"123":1,"124":2,"125":2,"126":3,"127":3,"128":3,"129":3,"130":1,"133":3,"134":3,"139":3,"143":1,"144":3,"145":1,"149":1,"150":1,"158":1,"160":1,"161":1,"162":1,"164":1,"166":1,"258":1,"259":1,"271":1,"274":6,"275":6,"277":1,"279":2,"281":1,"283":2,"288":1,"289":1,"291":1,"296":1,"303":1,"306":1,"307":1,"310":1,"311":1,"313":1,"314":1,"315":1,"316":1,"317":1,"318":1,"319":1,"321":1,"322":1,"324":1}},"/home/travis/build/npmtest/node-npmtest-fstream/node_modules/fstream/fstream.js":{"path":"/home/travis/build/npmtest/node-npmtest-fstream/node_modules/fstream/fstream.js","s":{"1":1,"2":1,"3":1,"4":1,"5":1,"6":1,"7":1,"8":1,"9":1,"10":1,"11":1,"12":1,"13":1,"14":1,"15":1,"16":1},"b":{},"f":{},"fnMap":{},"statementMap":{"1":{"start":{"line":1,"column":0},"end":{"line":1,"column":47}},"2":{"start":{"line":2,"column":0},"end":{"line":2,"column":43}},"3":{"start":{"line":3,"column":0},"end":{"line":3,"column":43}},"4":{"start":{"line":5,"column":0},"end":{"line":8,"column":1}},"5":{"start":{"line":10,"column":0},"end":{"line":13,"column":1}},"6":{"start":{"line":15,"column":0},"end":{"line":18,"column":1}},"7":{"start":{"line":20,"column":0},"end":{"line":23,"column":1}},"8":{"start":{"line":25,"column":0},"end":{"line":25,"column":59}},"9":{"start":{"line":26,"column":0},"end":{"line":26,"column":62}},"10":{"start":{"line":27,"column":0},"end":{"line":27,"column":62}},"11":{"start":{"line":28,"column":0},"end":{"line":28,"column":65}},"12":{"start":{"line":30,"column":0},"end":{"line":30,"column":59}},"13":{"start":{"line":31,"column":0},"end":{"line":31,"column":62}},"14":{"start":{"line":32,"column":0},"end":{"line":32,"column":62}},"15":{"start":{"line":33,"column":0},"end":{"line":33,"column":65}},"16":{"start":{"line":35,"column":0},"end":{"line":35,"column":45}}},"branchMap":{},"code":["exports.Abstract = require('./lib/abstract.js')","exports.Reader = require('./lib/reader.js')","exports.Writer = require('./lib/writer.js')","","exports.File = {","  Reader: require('./lib/file-reader.js'),","  Writer: require('./lib/file-writer.js')","}","","exports.Dir = {","  Reader: require('./lib/dir-reader.js'),","  Writer: require('./lib/dir-writer.js')","}","","exports.Link = {","  Reader: require('./lib/link-reader.js'),","  Writer: require('./lib/link-writer.js')","}","","exports.Proxy = {","  Reader: require('./lib/proxy-reader.js'),","  Writer: require('./lib/proxy-writer.js')","}","","exports.Reader.Dir = exports.DirReader = exports.Dir.Reader","exports.Reader.File = exports.FileReader = exports.File.Reader","exports.Reader.Link = exports.LinkReader = exports.Link.Reader","exports.Reader.Proxy = exports.ProxyReader = exports.Proxy.Reader","","exports.Writer.Dir = exports.DirWriter = exports.Dir.Writer","exports.Writer.File = exports.FileWriter = exports.File.Writer","exports.Writer.Link = exports.LinkWriter = exports.Link.Writer","exports.Writer.Proxy = exports.ProxyWriter = exports.Proxy.Writer","","exports.collect = require('./lib/collect.js')",""],"l":{"1":1,"2":1,"3":1,"5":1,"10":1,"15":1,"20":1,"25":1,"26":1,"27":1,"28":1,"30":1,"31":1,"32":1,"33":1,"35":1}},"/home/travis/build/npmtest/node-npmtest-fstream/node_modules/fstream/lib/abstract.js":{"path":"/home/travis/build/npmtest/node-npmtest-fstream/node_modules/fstream/lib/abstract.js","s":{"1":1,"2":1,"3":1,"4":1,"5":0,"6":1,"7":1,"8":0,"9":0,"10":0,"11":0,"12":1,"13":0,"14":0,"15":1,"16":1,"17":0,"18":0,"19":0,"20":0,"21":0,"22":1,"23":0,"24":1,"25":0,"26":0,"27":0,"28":0,"29":1,"30":0,"31":0,"32":0,"33":0,"34":0,"35":0,"36":0,"37":0,"38":0,"39":0,"40":0,"41":0,"42":0,"43":0},"b":{"1":[0,0],"2":[0,0],"3":[0,0],"4":[0,0],"5":[0,0],"6":[0,0],"7":[0,0],"8":[0,0],"9":[0,0],"10":[0,0],"11":[0,0],"12":[0,0],"13":[0,0],"14":[0,0],"15":[0,0],"16":[0,0]},"f":{"1":0,"2":0,"3":0,"4":0,"5":0,"6":0,"7":0,"8":0,"9":0},"fnMap":{"1":{"name":"Abstract","line":8,"loc":{"start":{"line":8,"column":0},"end":{"line":8,"column":21}}},"2":{"name":"(anonymous_2)","line":14,"loc":{"start":{"line":14,"column":24},"end":{"line":14,"column":42}}},"3":{"name":"(anonymous_3)","line":23,"loc":{"start":{"line":23,"column":27},"end":{"line":23,"column":39}}},"4":{"name":"(anonymous_4)","line":28,"loc":{"start":{"line":28,"column":29},"end":{"line":28,"column":41}}},"5":{"name":"(anonymous_5)","line":30,"loc":{"start":{"line":30,"column":26},"end":{"line":30,"column":47}}},"6":{"name":"(anonymous_6)","line":56,"loc":{"start":{"line":56,"column":26},"end":{"line":56,"column":47}}},"7":{"name":"(anonymous_7)","line":60,"loc":{"start":{"line":60,"column":27},"end":{"line":60,"column":52}}},"8":{"name":"decorate","line":66,"loc":{"start":{"line":66,"column":0},"end":{"line":66,"column":35}}},"9":{"name":"(anonymous_9)","line":80,"loc":{"start":{"line":80,"column":47},"end":{"line":80,"column":60}}}},"statementMap":{"1":{"start":{"line":3,"column":0},"end":{"line":3,"column":25}},"2":{"start":{"line":5,"column":0},"end":{"line":5,"column":37}},"3":{"start":{"line":6,"column":0},"end":{"line":6,"column":34}},"4":{"start":{"line":8,"column":0},"end":{"line":10,"column":1}},"5":{"start":{"line":9,"column":2},"end":{"line":9,"column":19}},"6":{"start":{"line":12,"column":0},"end":{"line":12,"column":26}},"7":{"start":{"line":14,"column":0},"end":{"line":21,"column":1}},"8":{"start":{"line":15,"column":2},"end":{"line":19,"column":3}},"9":{"start":{"line":16,"column":4},"end":{"line":16,"column":35}},"10":{"start":{"line":18,"column":4},"end":{"line":18,"column":42}},"11":{"start":{"line":20,"column":2},"end":{"line":20,"column":13}},"12":{"start":{"line":23,"column":0},"end":{"line":26,"column":1}},"13":{"start":{"line":24,"column":2},"end":{"line":24,"column":22}},"14":{"start":{"line":25,"column":2},"end":{"line":25,"column":20}},"15":{"start":{"line":28,"column":0},"end":{"line":28,"column":43}},"16":{"start":{"line":30,"column":0},"end":{"line":54,"column":1}},"17":{"start":{"line":31,"column":2},"end":{"line":31,"column":17}},"18":{"start":{"line":32,"column":2},"end":{"line":32,"column":36}},"19":{"start":{"line":33,"column":2},"end":{"line":53,"column":3}},"20":{"start":{"line":34,"column":4},"end":{"line":50,"column":34}},"21":{"start":{"line":52,"column":4},"end":{"line":52,"column":25}},"22":{"start":{"line":56,"column":0},"end":{"line":58,"column":1}},"23":{"start":{"line":57,"column":2},"end":{"line":57,"column":30}},"24":{"start":{"line":60,"column":0},"end":{"line":64,"column":1}},"25":{"start":{"line":61,"column":2},"end":{"line":61,"column":36}},"26":{"start":{"line":62,"column":2},"end":{"line":63,"column":29}},"27":{"start":{"line":62,"column":10},"end":{"line":62,"column":18}},"28":{"start":{"line":63,"column":7},"end":{"line":63,"column":29}},"29":{"start":{"line":66,"column":0},"end":{"line":85,"column":1}},"30":{"start":{"line":67,"column":2},"end":{"line":67,"column":48}},"31":{"start":{"line":67,"column":30},"end":{"line":67,"column":48}},"32":{"start":{"line":68,"column":2},"end":{"line":68,"column":27}},"33":{"start":{"line":69,"column":2},"end":{"line":69,"column":32}},"34":{"start":{"line":70,"column":2},"end":{"line":70,"column":48}},"35":{"start":{"line":71,"column":2},"end":{"line":71,"column":48}},"36":{"start":{"line":72,"column":2},"end":{"line":74,"column":3}},"37":{"start":{"line":73,"column":4},"end":{"line":73,"column":59}},"38":{"start":{"line":75,"column":2},"end":{"line":77,"column":3}},"39":{"start":{"line":76,"column":4},"end":{"line":76,"column":62}},"40":{"start":{"line":78,"column":2},"end":{"line":78,"column":62}},"41":{"start":{"line":79,"column":2},"end":{"line":82,"column":6}},"42":{"start":{"line":81,"column":6},"end":{"line":81,"column":38}},"43":{"start":{"line":84,"column":2},"end":{"line":84,"column":11}}},"branchMap":{"1":{"line":15,"type":"if","locations":[{"start":{"line":15,"column":2},"end":{"line":15,"column":2}},{"start":{"line":15,"column":2},"end":{"line":15,"column":2}}]},"2":{"line":15,"type":"binary-expr","locations":[{"start":{"line":15,"column":6},"end":{"line":15,"column":20}},{"start":{"line":15,"column":24},"end":{"line":15,"column":34}}]},"3":{"line":33,"type":"if","locations":[{"start":{"line":33,"column":2},"end":{"line":33,"column":2}},{"start":{"line":33,"column":2},"end":{"line":33,"column":2}}]},"4":{"line":42,"type":"binary-expr","locations":[{"start":{"line":42,"column":6},"end":{"line":42,"column":10}},{"start":{"line":42,"column":14},"end":{"line":42,"column":23}}]},"5":{"line":62,"type":"if","locations":[{"start":{"line":62,"column":2},"end":{"line":62,"column":2}},{"start":{"line":62,"column":2},"end":{"line":62,"column":2}}]},"6":{"line":67,"type":"if","locations":[{"start":{"line":67,"column":2},"end":{"line":67,"column":2}},{"start":{"line":67,"column":2},"end":{"line":67,"column":2}}]},"7":{"line":68,"type":"binary-expr","locations":[{"start":{"line":68,"column":12},"end":{"line":68,"column":19}},{"start":{"line":68,"column":23},"end":{"line":68,"column":27}}]},"8":{"line":69,"type":"binary-expr","locations":[{"start":{"line":69,"column":12},"end":{"line":69,"column":19}},{"start":{"line":69,"column":23},"end":{"line":69,"column":32}}]},"9":{"line":70,"type":"binary-expr","locations":[{"start":{"line":70,"column":20},"end":{"line":70,"column":35}},{"start":{"line":70,"column":39},"end":{"line":70,"column":48}}]},"10":{"line":71,"type":"binary-expr","locations":[{"start":{"line":71,"column":20},"end":{"line":71,"column":35}},{"start":{"line":71,"column":39},"end":{"line":71,"column":48}}]},"11":{"line":72,"type":"if","locations":[{"start":{"line":72,"column":2},"end":{"line":72,"column":2}},{"start":{"line":72,"column":2},"end":{"line":72,"column":2}}]},"12":{"line":73,"type":"binary-expr","locations":[{"start":{"line":73,"column":26},"end":{"line":73,"column":45}},{"start":{"line":73,"column":49},"end":{"line":73,"column":59}}]},"13":{"line":75,"type":"if","locations":[{"start":{"line":75,"column":2},"end":{"line":75,"column":2}},{"start":{"line":75,"column":2},"end":{"line":75,"column":2}}]},"14":{"line":76,"type":"binary-expr","locations":[{"start":{"line":76,"column":26},"end":{"line":76,"column":45}},{"start":{"line":76,"column":49},"end":{"line":76,"column":62}}]},"15":{"line":78,"type":"binary-expr","locations":[{"start":{"line":78,"column":21},"end":{"line":78,"column":37}},{"start":{"line":78,"column":41},"end":{"line":78,"column":62}}]},"16":{"line":79,"type":"binary-expr","locations":[{"start":{"line":79,"column":21},"end":{"line":79,"column":37}},{"start":{"line":80,"column":4},"end":{"line":82,"column":6}}]}},"code":["// the parent class for all fstreams.","","module.exports = Abstract","","var Stream = require('stream').Stream","var inherits = require('inherits')","","function Abstract () {","  Stream.call(this)","}","","inherits(Abstract, Stream)","","Abstract.prototype.on = function (ev, fn) {","  if (ev === 'ready' && this.ready) {","    process.nextTick(fn.bind(this))","  } else {","    Stream.prototype.on.call(this, ev, fn)","  }","  return this","}","","Abstract.prototype.abort = function () {","  this._aborted = true","  this.emit('abort')","}","","Abstract.prototype.destroy = function () {}","","Abstract.prototype.warn = function (msg, code) {","  var self = this","  var er = decorate(msg, code, self)","  if (!self.listeners('warn')) {","    console.error('%s %s\\n' +","    'path = %s\\n' +","    'syscall = %s\\n' +","    'fstream_type = %s\\n' +","    'fstream_path = %s\\n' +","    'fstream_unc_path = %s\\n' +","    'fstream_class = %s\\n' +","    'fstream_stack =\\n%s\\n',","      code || 'UNKNOWN',","      er.stack,","      er.path,","      er.syscall,","      er.fstream_type,","      er.fstream_path,","      er.fstream_unc_path,","      er.fstream_class,","      er.fstream_stack.join('\\n'))","  } else {","    self.emit('warn', er)","  }","}","","Abstract.prototype.info = function (msg, code) {","  this.emit('info', msg, code)","}","","Abstract.prototype.error = function (msg, code, th) {","  var er = decorate(msg, code, this)","  if (th) throw er","  else this.emit('error', er)","}","","function decorate (er, code, self) {","  if (!(er instanceof Error)) er = new Error(er)","  er.code = er.code || code","  er.path = er.path || self.path","  er.fstream_type = er.fstream_type || self.type","  er.fstream_path = er.fstream_path || self.path","  if (self._path !== self.path) {","    er.fstream_unc_path = er.fstream_unc_path || self._path","  }","  if (self.linkpath) {","    er.fstream_linkpath = er.fstream_linkpath || self.linkpath","  }","  er.fstream_class = er.fstream_class || self.constructor.name","  er.fstream_stack = er.fstream_stack ||","    new Error().stack.split(/\\n/).slice(3).map(function (s) {","      return s.replace(/^ {4}at /, '')","    })","","  return er","}",""],"l":{"3":1,"5":1,"6":1,"8":1,"9":0,"12":1,"14":1,"15":0,"16":0,"18":0,"20":0,"23":1,"24":0,"25":0,"28":1,"30":1,"31":0,"32":0,"33":0,"34":0,"52":0,"56":1,"57":0,"60":1,"61":0,"62":0,"63":0,"66":1,"67":0,"68":0,"69":0,"70":0,"71":0,"72":0,"73":0,"75":0,"76":0,"78":0,"79":0,"81":0,"84":0}},"/home/travis/build/npmtest/node-npmtest-fstream/node_modules/fstream/lib/reader.js":{"path":"/home/travis/build/npmtest/node-npmtest-fstream/node_modules/fstream/lib/reader.js","s":{"1":1,"2":1,"3":1,"4":1,"5":1,"6":1,"7":1,"8":1,"9":1,"10":1,"11":1,"12":0,"13":0,"14":0,"15":0,"16":0,"17":0,"18":0,"19":0,"20":0,"21":0,"22":0,"23":0,"24":0,"25":0,"26":0,"27":0,"28":0,"29":0,"30":0,"31":0,"32":0,"33":0,"34":0,"35":0,"36":0,"37":0,"38":0,"39":0,"40":0,"41":0,"42":0,"43":0,"44":0,"45":0,"46":0,"47":0,"48":0,"49":0,"50":0,"51":0,"52":0,"53":0,"54":0,"55":0,"56":0,"57":0,"58":0,"59":0,"60":0,"61":0,"62":0,"63":0,"64":0,"65":1,"66":0,"67":1,"68":0,"69":0,"70":0,"71":0,"72":0,"73":0,"74":1,"75":0,"76":0,"77":0,"78":0,"79":0,"80":0,"81":0,"82":0,"83":0,"84":0,"85":0,"86":0,"87":0,"88":0,"89":0,"90":0,"91":0,"92":0,"93":0,"94":0,"95":0,"96":0,"97":0,"98":0,"99":0,"100":0,"101":0,"102":0,"103":0,"104":0,"105":0,"106":0,"107":0,"108":0,"109":0,"110":0,"111":0,"112":0,"113":0,"114":0,"115":0,"116":0,"117":1,"118":0,"119":0,"120":0,"121":0,"122":0,"123":0,"124":0,"125":1,"126":0,"127":0,"128":0,"129":0,"130":0,"131":1,"132":0,"133":0,"134":0,"135":0,"136":0,"137":0,"138":1,"139":0},"b":{"1":[0,0],"2":[0,0],"3":[0,0],"4":[0,0],"5":[0,0],"6":[0,0],"7":[0,0,0,0,0,0],"8":[0,0],"9":[0,0],"10":[0,0],"11":[0,0],"12":[0,0,0,0],"13":[0,0],"14":[0,0],"15":[0,0],"16":[0,0],"17":[0,0],"18":[0,0],"19":[0,0],"20":[0,0],"21":[0,0],"22":[0,0],"23":[0,0],"24":[0,0],"25":[0,0],"26":[0,0],"27":[0,0,0,0],"28":[0,0],"29":[0,0],"30":[0,0],"31":[0,0],"32":[0,0],"33":[0,0],"34":[0,0],"35":[0,0],"36":[0,0],"37":[0,0],"38":[0,0],"39":[0,0],"40":[0,0],"41":[0,0],"42":[0,0],"43":[0,0],"44":[0,0],"45":[0,0]},"f":{"1":0,"2":0,"3":0,"4":0,"5":0,"6":0,"7":0,"8":0,"9":0,"10":0,"11":0},"fnMap":{"1":{"name":"Reader","line":16,"loc":{"start":{"line":16,"column":0},"end":{"line":16,"column":37}}},"2":{"name":"alphasort","line":127,"loc":{"start":{"line":127,"column":0},"end":{"line":127,"column":26}}},"3":{"name":"(anonymous_3)","line":135,"loc":{"start":{"line":135,"column":25},"end":{"line":135,"column":48}}},"4":{"name":"statCb","line":143,"loc":{"start":{"line":143,"column":2},"end":{"line":143,"column":31}}},"5":{"name":"(anonymous_5)","line":147,"loc":{"start":{"line":147,"column":32},"end":{"line":147,"column":45}}},"6":{"name":"go","line":200,"loc":{"start":{"line":200,"column":6},"end":{"line":200,"column":21}}},"7":{"name":"(anonymous_7)","line":222,"loc":{"start":{"line":222,"column":24},"end":{"line":222,"column":40}}},"8":{"name":"(anonymous_8)","line":226,"loc":{"start":{"line":226,"column":21},"end":{"line":226,"column":38}}},"9":{"name":"(anonymous_9)","line":238,"loc":{"start":{"line":238,"column":25},"end":{"line":238,"column":40}}},"10":{"name":"(anonymous_10)","line":245,"loc":{"start":{"line":245,"column":26},"end":{"line":245,"column":41}}},"11":{"name":"(anonymous_11)","line":253,"loc":{"start":{"line":253,"column":25},"end":{"line":253,"column":37}}}},"statementMap":{"1":{"start":{"line":1,"column":0},"end":{"line":1,"column":23}},"2":{"start":{"line":3,"column":0},"end":{"line":3,"column":31}},"3":{"start":{"line":4,"column":0},"end":{"line":4,"column":37}},"4":{"start":{"line":5,"column":0},"end":{"line":5,"column":34}},"5":{"start":{"line":6,"column":0},"end":{"line":6,"column":26}},"6":{"start":{"line":7,"column":0},"end":{"line":7,"column":38}},"7":{"start":{"line":8,"column":0},"end":{"line":8,"column":37}},"8":{"start":{"line":9,"column":0},"end":{"line":9,"column":39}},"9":{"start":{"line":12,"column":0},"end":{"line":12,"column":26}},"10":{"start":{"line":14,"column":0},"end":{"line":14,"column":44}},"11":{"start":{"line":16,"column":0},"end":{"line":125,"column":1}},"12":{"start":{"line":17,"column":2},"end":{"line":17,"column":17}},"13":{"start":{"line":18,"column":2},"end":{"line":18,"column":70}},"14":{"start":{"line":18,"column":33},"end":{"line":18,"column":70}},"15":{"start":{"line":20,"column":2},"end":{"line":22,"column":3}},"16":{"start":{"line":21,"column":4},"end":{"line":21,"column":27}},"17":{"start":{"line":30,"column":2},"end":{"line":30,"column":10}},"18":{"start":{"line":31,"column":2},"end":{"line":31,"column":15}},"19":{"start":{"line":33,"column":2},"end":{"line":39,"column":3}},"20":{"start":{"line":34,"column":4},"end":{"line":34,"column":21}},"21":{"start":{"line":35,"column":4},"end":{"line":35,"column":20}},"22":{"start":{"line":37,"column":4},"end":{"line":37,"column":25}},"23":{"start":{"line":38,"column":4},"end":{"line":38,"column":22}},"24":{"start":{"line":41,"column":2},"end":{"line":45,"column":3}},"25":{"start":{"line":42,"column":4},"end":{"line":42,"column":31}},"26":{"start":{"line":43,"column":4},"end":{"line":43,"column":22}},"27":{"start":{"line":44,"column":4},"end":{"line":44,"column":21}},"28":{"start":{"line":47,"column":2},"end":{"line":76,"column":3}},"29":{"start":{"line":49,"column":6},"end":{"line":49,"column":44}},"30":{"start":{"line":50,"column":6},"end":{"line":50,"column":11}},"31":{"start":{"line":62,"column":6},"end":{"line":62,"column":45}},"32":{"start":{"line":63,"column":6},"end":{"line":63,"column":11}},"33":{"start":{"line":66,"column":6},"end":{"line":66,"column":28}},"34":{"start":{"line":67,"column":6},"end":{"line":67,"column":11}},"35":{"start":{"line":70,"column":6},"end":{"line":70,"column":47}},"36":{"start":{"line":71,"column":6},"end":{"line":71,"column":11}},"37":{"start":{"line":74,"column":6},"end":{"line":74,"column":46}},"38":{"start":{"line":75,"column":6},"end":{"line":75,"column":11}},"39":{"start":{"line":78,"column":2},"end":{"line":80,"column":3}},"40":{"start":{"line":79,"column":4},"end":{"line":79,"column":31}},"41":{"start":{"line":82,"column":2},"end":{"line":82,"column":21}},"42":{"start":{"line":84,"column":2},"end":{"line":86,"column":3}},"43":{"start":{"line":85,"column":4},"end":{"line":85,"column":49}},"44":{"start":{"line":88,"column":2},"end":{"line":88,"column":22}},"45":{"start":{"line":89,"column":2},"end":{"line":89,"column":23}},"46":{"start":{"line":91,"column":2},"end":{"line":91,"column":18}},"47":{"start":{"line":92,"column":2},"end":{"line":92,"column":20}},"48":{"start":{"line":93,"column":2},"end":{"line":93,"column":45}},"49":{"start":{"line":94,"column":2},"end":{"line":94,"column":36}},"50":{"start":{"line":95,"column":2},"end":{"line":95,"column":71}},"51":{"start":{"line":97,"column":2},"end":{"line":97,"column":51}},"52":{"start":{"line":98,"column":2},"end":{"line":108,"column":3}},"53":{"start":{"line":99,"column":4},"end":{"line":99,"column":58}},"54":{"start":{"line":100,"column":4},"end":{"line":107,"column":5}},"55":{"start":{"line":103,"column":6},"end":{"line":103,"column":32}},"56":{"start":{"line":105,"column":6},"end":{"line":105,"column":61}},"57":{"start":{"line":109,"column":2},"end":{"line":109,"column":59}},"58":{"start":{"line":110,"column":2},"end":{"line":110,"column":56}},"59":{"start":{"line":113,"column":2},"end":{"line":113,"column":34}},"60":{"start":{"line":116,"column":2},"end":{"line":116,"column":24}},"61":{"start":{"line":117,"column":2},"end":{"line":117,"column":72}},"62":{"start":{"line":118,"column":2},"end":{"line":118,"column":52}},"63":{"start":{"line":118,"column":30},"end":{"line":118,"column":52}},"64":{"start":{"line":124,"column":2},"end":{"line":124,"column":25}},"65":{"start":{"line":127,"column":0},"end":{"line":133,"column":1}},"66":{"start":{"line":128,"column":2},"end":{"line":132,"column":14}},"67":{"start":{"line":135,"column":0},"end":{"line":220,"column":1}},"68":{"start":{"line":136,"column":2},"end":{"line":136,"column":17}},"69":{"start":{"line":137,"column":2},"end":{"line":137,"column":24}},"70":{"start":{"line":138,"column":2},"end":{"line":138,"column":44}},"71":{"start":{"line":140,"column":2},"end":{"line":141,"column":35}},"72":{"start":{"line":140,"column":19},"end":{"line":140,"column":73}},"73":{"start":{"line":141,"column":7},"end":{"line":141,"column":35}},"74":{"start":{"line":143,"column":2},"end":{"line":219,"column":3}},"75":{"start":{"line":145,"column":4},"end":{"line":145,"column":33}},"76":{"start":{"line":145,"column":12},"end":{"line":145,"column":33}},"77":{"start":{"line":147,"column":4},"end":{"line":149,"column":6}},"78":{"start":{"line":148,"column":6},"end":{"line":148,"column":26}},"79":{"start":{"line":152,"column":4},"end":{"line":154,"column":5}},"80":{"start":{"line":153,"column":6},"end":{"line":153,"column":41}},"81":{"start":{"line":155,"column":4},"end":{"line":155,"column":26}},"82":{"start":{"line":157,"column":4},"end":{"line":157,"column":29}},"83":{"start":{"line":158,"column":4},"end":{"line":158,"column":51}},"84":{"start":{"line":161,"column":4},"end":{"line":176,"column":5}},"85":{"start":{"line":162,"column":6},"end":{"line":162,"column":41}},"86":{"start":{"line":164,"column":6},"end":{"line":175,"column":7}},"87":{"start":{"line":165,"column":8},"end":{"line":165,"column":33}},"88":{"start":{"line":168,"column":8},"end":{"line":168,"column":51}},"89":{"start":{"line":169,"column":8},"end":{"line":169,"column":42}},"90":{"start":{"line":170,"column":8},"end":{"line":170,"column":58}},"91":{"start":{"line":174,"column":8},"end":{"line":174,"column":60}},"92":{"start":{"line":178,"column":4},"end":{"line":180,"column":5}},"93":{"start":{"line":179,"column":6},"end":{"line":179,"column":44}},"94":{"start":{"line":184,"column":4},"end":{"line":195,"column":5}},"95":{"start":{"line":185,"column":6},"end":{"line":185,"column":35}},"96":{"start":{"line":187,"column":6},"end":{"line":194,"column":7}},"97":{"start":{"line":188,"column":8},"end":{"line":192,"column":9}},"98":{"start":{"line":189,"column":10},"end":{"line":189,"column":22}},"99":{"start":{"line":190,"column":10},"end":{"line":190,"column":26}},"100":{"start":{"line":191,"column":10},"end":{"line":191,"column":28}},"101":{"start":{"line":193,"column":8},"end":{"line":193,"column":14}},"102":{"start":{"line":198,"column":4},"end":{"line":198,"column":43}},"103":{"start":{"line":199,"column":4},"end":{"line":200,"column":5}},"104":{"start":{"line":200,"column":5},"end":{"line":218,"column":8}},"105":{"start":{"line":201,"column":6},"end":{"line":205,"column":7}},"106":{"start":{"line":202,"column":8},"end":{"line":202,"column":24}},"107":{"start":{"line":203,"column":8},"end":{"line":203,"column":26}},"108":{"start":{"line":204,"column":8},"end":{"line":204,"column":14}},"109":{"start":{"line":207,"column":6},"end":{"line":210,"column":7}},"110":{"start":{"line":208,"column":8},"end":{"line":208,"column":31}},"111":{"start":{"line":209,"column":8},"end":{"line":209,"column":14}},"112":{"start":{"line":212,"column":6},"end":{"line":212,"column":26}},"113":{"start":{"line":213,"column":6},"end":{"line":215,"column":7}},"114":{"start":{"line":214,"column":8},"end":{"line":214,"column":27}},"115":{"start":{"line":216,"column":6},"end":{"line":216,"column":26}},"116":{"start":{"line":217,"column":6},"end":{"line":217,"column":10}},"117":{"start":{"line":222,"column":0},"end":{"line":236,"column":1}},"118":{"start":{"line":223,"column":2},"end":{"line":223,"column":17}},"119":{"start":{"line":224,"column":2},"end":{"line":232,"column":3}},"120":{"start":{"line":226,"column":4},"end":{"line":231,"column":6}},"121":{"start":{"line":227,"column":6},"end":{"line":227,"column":31}},"122":{"start":{"line":228,"column":6},"end":{"line":230,"column":7}},"123":{"start":{"line":229,"column":8},"end":{"line":229,"column":20}},"124":{"start":{"line":235,"column":2},"end":{"line":235,"column":53}},"125":{"start":{"line":238,"column":0},"end":{"line":243,"column":1}},"126":{"start":{"line":239,"column":2},"end":{"line":239,"column":21}},"127":{"start":{"line":240,"column":2},"end":{"line":240,"column":19}},"128":{"start":{"line":241,"column":2},"end":{"line":241,"column":25}},"129":{"start":{"line":242,"column":2},"end":{"line":242,"column":43}},"130":{"start":{"line":242,"column":20},"end":{"line":242,"column":43}},"131":{"start":{"line":245,"column":0},"end":{"line":251,"column":1}},"132":{"start":{"line":246,"column":2},"end":{"line":246,"column":22}},"133":{"start":{"line":247,"column":2},"end":{"line":247,"column":19}},"134":{"start":{"line":248,"column":2},"end":{"line":248,"column":26}},"135":{"start":{"line":249,"column":2},"end":{"line":249,"column":44}},"136":{"start":{"line":249,"column":20},"end":{"line":249,"column":44}},"137":{"start":{"line":250,"column":2},"end":{"line":250,"column":14}},"138":{"start":{"line":253,"column":0},"end":{"line":255,"column":1}},"139":{"start":{"line":254,"column":2},"end":{"line":254,"column":54}}},"branchMap":{"1":{"line":18,"type":"if","locations":[{"start":{"line":18,"column":2},"end":{"line":18,"column":2}},{"start":{"line":18,"column":2},"end":{"line":18,"column":2}}]},"2":{"line":20,"type":"if","locations":[{"start":{"line":20,"column":2},"end":{"line":20,"column":2}},{"start":{"line":20,"column":2},"end":{"line":20,"column":2}}]},"3":{"line":33,"type":"if","locations":[{"start":{"line":33,"column":2},"end":{"line":33,"column":2}},{"start":{"line":33,"column":2},"end":{"line":33,"column":2}}]},"4":{"line":33,"type":"binary-expr","locations":[{"start":{"line":33,"column":6},"end":{"line":33,"column":16}},{"start":{"line":33,"column":20},"end":{"line":33,"column":52}}]},"5":{"line":41,"type":"if","locations":[{"start":{"line":41,"column":2},"end":{"line":41,"column":2}},{"start":{"line":41,"column":2},"end":{"line":41,"column":2}}]},"6":{"line":41,"type":"binary-expr","locations":[{"start":{"line":41,"column":6},"end":{"line":41,"column":17}},{"start":{"line":41,"column":21},"end":{"line":41,"column":26}}]},"7":{"line":47,"type":"switch","locations":[{"start":{"line":48,"column":4},"end":{"line":50,"column":11}},{"start":{"line":52,"column":4},"end":{"line":52,"column":16}},{"start":{"line":61,"column":4},"end":{"line":63,"column":11}},{"start":{"line":65,"column":4},"end":{"line":67,"column":11}},{"start":{"line":69,"column":4},"end":{"line":71,"column":11}},{"start":{"line":73,"column":4},"end":{"line":75,"column":11}}]},"8":{"line":78,"type":"if","locations":[{"start":{"line":78,"column":2},"end":{"line":78,"column":2}},{"start":{"line":78,"column":2},"end":{"line":78,"column":2}}]},"9":{"line":84,"type":"if","locations":[{"start":{"line":84,"column":2},"end":{"line":84,"column":2}},{"start":{"line":84,"column":2},"end":{"line":84,"column":2}}]},"10":{"line":93,"type":"binary-expr","locations":[{"start":{"line":93,"column":29},"end":{"line":93,"column":40}},{"start":{"line":93,"column":44},"end":{"line":93,"column":45}}]},"11":{"line":94,"type":"binary-expr","locations":[{"start":{"line":94,"column":16},"end":{"line":94,"column":28}},{"start":{"line":94,"column":32},"end":{"line":94,"column":36}}]},"12":{"line":95,"type":"binary-expr","locations":[{"start":{"line":95,"column":14},"end":{"line":95,"column":24}},{"start":{"line":95,"column":29},"end":{"line":95,"column":41}},{"start":{"line":95,"column":45},"end":{"line":95,"column":62}},{"start":{"line":95,"column":67},"end":{"line":95,"column":71}}]},"13":{"line":98,"type":"if","locations":[{"start":{"line":98,"column":2},"end":{"line":98,"column":2}},{"start":{"line":98,"column":2},"end":{"line":98,"column":2}}]},"14":{"line":100,"type":"if","locations":[{"start":{"line":100,"column":4},"end":{"line":100,"column":4}},{"start":{"line":100,"column":4},"end":{"line":100,"column":4}}]},"15":{"line":117,"type":"cond-expr","locations":[{"start":{"line":117,"column":53},"end":{"line":117,"column":65}},{"start":{"line":117,"column":68},"end":{"line":117,"column":72}}]},"16":{"line":118,"type":"if","locations":[{"start":{"line":118,"column":2},"end":{"line":118,"column":2}},{"start":{"line":118,"column":2},"end":{"line":118,"column":2}}]},"17":{"line":128,"type":"cond-expr","locations":[{"start":{"line":128,"column":19},"end":{"line":128,"column":20}},{"start":{"line":129,"column":6},"end":{"line":132,"column":14}}]},"18":{"line":129,"type":"cond-expr","locations":[{"start":{"line":129,"column":42},"end":{"line":129,"column":43}},{"start":{"line":130,"column":8},"end":{"line":132,"column":14}}]},"19":{"line":130,"type":"cond-expr","locations":[{"start":{"line":130,"column":44},"end":{"line":130,"column":46}},{"start":{"line":131,"column":10},"end":{"line":132,"column":14}}]},"20":{"line":131,"type":"cond-expr","locations":[{"start":{"line":131,"column":18},"end":{"line":131,"column":19}},{"start":{"line":132,"column":12},"end":{"line":132,"column":14}}]},"21":{"line":138,"type":"cond-expr","locations":[{"start":{"line":138,"column":28},"end":{"line":138,"column":34}},{"start":{"line":138,"column":37},"end":{"line":138,"column":44}}]},"22":{"line":140,"type":"if","locations":[{"start":{"line":140,"column":2},"end":{"line":140,"column":2}},{"start":{"line":140,"column":2},"end":{"line":140,"column":2}}]},"23":{"line":145,"type":"if","locations":[{"start":{"line":145,"column":4},"end":{"line":145,"column":4}},{"start":{"line":145,"column":4},"end":{"line":145,"column":4}}]},"24":{"line":152,"type":"if","locations":[{"start":{"line":152,"column":4},"end":{"line":152,"column":4}},{"start":{"line":152,"column":4},"end":{"line":152,"column":4}}]},"25":{"line":152,"type":"binary-expr","locations":[{"start":{"line":152,"column":8},"end":{"line":152,"column":31}},{"start":{"line":152,"column":35},"end":{"line":152,
[...]
 Error('DirReader must be called as constructor.')","  }","","  // should already be established as a Directory type","  if (props.type !== 'Directory' || !props.Directory) {","    throw new Error('Non-directory type ' + props.type)","  }","","  self.entries = null","  self._index = -1","  self._paused = false","  self._length = -1","","  if (props.sort) {","    this.sort = props.sort","  }","","  Reader.call(this, props)","}","","DirReader.prototype._getEntries = function () {","  var self = this","","  // race condition.  might pause() before calling _getEntries,","  // and then resume, and try to get them a second time.","  if (self._gotEntries) return","  self._gotEntries = true","","  fs.readdir(self._path, function (er, entries) {","    if (er) return self.error(er)","","    self.entries = entries","","    self.emit('entries', entries)","    if (self._paused) self.once('resume', processEntries)","    else processEntries()","","    function processEntries () {","      self._length = self.entries.length","      if (typeof self.sort === 'function') {","        self.entries = self.entries.sort(self.sort.bind(self))","      }","      self._read()","    }","  })","}","","// start walking the dir, and emit an \"entry\" event for each one.","DirReader.prototype._read = function () {","  var self = this","","  if (!self.entries) return self._getEntries()","","  if (self._paused || self._currentEntry || self._aborted) {","    // console.error('DR paused=%j, current=%j, aborted=%j', self._paused, !!self._currentEntry, self._aborted)","    return","  }","","  self._index++","  if (self._index >= self.entries.length) {","    if (!self._ended) {","      self._ended = true","      self.emit('end')","      self.emit('close')","    }","    return","  }","","  // ok, handle this one, then.","","  // save creating a proxy, by stat'ing the thing now.","  var p = path.resolve(self._path, self.entries[self._index])","  assert(p !== self._path)","  assert(self.entries[self._index])","","  // set this to prevent trying to _read() again in the stat time.","  self._currentEntry = p","  fs[ self.props.follow ? 'stat' : 'lstat' ](p, function (er, stat) {","    if (er) return self.error(er)","","    var who = self._proxy || self","","    stat.path = p","    stat.basename = path.basename(p)","    stat.dirname = path.dirname(p)","    var childProps = self.getChildProps.call(who, stat)","    childProps.path = p","    childProps.basename = path.basename(p)","    childProps.dirname = path.dirname(p)","","    var entry = Reader(childProps, stat)","","    // console.error(\"DR Entry\", p, stat.size)","","    self._currentEntry = entry","","    // \"entry\" events are for direct entries in a specific dir.","    // \"child\" events are for any and all children at all levels.","    // This nomenclature is not completely final.","","    entry.on('pause', function (who) {","      if (!self._paused && !entry._disowned) {","        self.pause(who)","      }","    })","","    entry.on('resume', function (who) {","      if (self._paused && !entry._disowned) {","        self.resume(who)","      }","    })","","    entry.on('stat', function (props) {","      self.emit('_entryStat', entry, props)","      if (entry._aborted) return","      if (entry._paused) {","        entry.once('resume', function () {","          self.emit('entryStat', entry, props)","        })","      } else self.emit('entryStat', entry, props)","    })","","    entry.on('ready', function EMITCHILD () {","      // console.error(\"DR emit child\", entry._path)","      if (self._paused) {","        // console.error(\"  DR emit child - try again later\")","        // pause the child, and emit the \"entry\" event once we drain.","        // console.error(\"DR pausing child entry\")","        entry.pause(self)","        return self.once('resume', EMITCHILD)","      }","","      // skip over sockets.  they can't be piped around properly,","      // so there's really no sense even acknowledging them.","      // if someone really wants to see them, they can listen to","      // the \"socket\" events.","      if (entry.type === 'Socket') {","        self.emit('socket', entry)","      } else {","        self.emitEntry(entry)","      }","    })","","    var ended = false","    entry.on('close', onend)","    entry.on('disown', onend)","    function onend () {","      if (ended) return","      ended = true","      self.emit('childEnd', entry)","      self.emit('entryEnd', entry)","      self._currentEntry = null","      if (!self._paused) {","        self._read()","      }","    }","","    // XXX Remove this.  Works in node as of 0.6.2 or so.","    // Long filenames should not break stuff.","    entry.on('error', function (er) {","      if (entry._swallowErrors) {","        self.warn(er)","        entry.emit('end')","        entry.emit('close')","      } else {","        self.emit('error', er)","      }","    })","","    // proxy up some events.","    ;[","      'child',","      'childEnd',","      'warn'","    ].forEach(function (ev) {","      entry.on(ev, self.emit.bind(self, ev))","    })","  })","}","","DirReader.prototype.disown = function (entry) {","  entry.emit('beforeDisown')","  entry._disowned = true","  entry.parent = entry.root = null","  if (entry === this._currentEntry) {","    this._currentEntry = null","  }","  entry.emit('disown')","}","","DirReader.prototype.getChildProps = function () {","  return {","    depth: this.depth + 1,","    root: this.root || this,","    parent: this,","    follow: this.follow,","    filter: this.filter,","    sort: this.props.sort,","    hardlinks: this.props.hardlinks","  }","}","","DirReader.prototype.pause = function (who) {","  var self = this","  if (self._paused) return","  who = who || self","  self._paused = true","  if (self._currentEntry && self._currentEntry.pause) {","    self._currentEntry.pause(who)","  }","  self.emit('pause', who)","}","","DirReader.prototype.resume = function (who) {","  var self = this","  if (!self._paused) return","  who = who || self","","  self._paused = false","  // console.error('DR Emit Resume', self._path)","  self.emit('resume', who)","  if (self._paused) {","    // console.error('DR Re-paused', self._path)","    return","  }","","  if (self._currentEntry) {","    if (self._currentEntry.resume) self._currentEntry.resume(who)","  } else self._read()","}","","DirReader.prototype.emitEntry = function (entry) {","  this.emit('entry', entry)","  this.emit('child', entry)","}",""],"l":{"5":1,"7":1,"8":1,"9":1,"10":1,"11":1,"13":1,"15":1,"16":0,"17":0,"18":0,"22":0,"23":0,"26":0,"27":0,"28":0,"29":0,"31":0,"32":0,"35":0,"38":1,"39":0,"43":0,"44":0,"46":0,"47":0,"49":0,"51":0,"52":0,"53":0,"55":1,"56":0,"57":0,"58":0,"60":0,"66":1,"67":0,"69":0,"71":0,"73":0,"76":0,"77":0,"78":0,"79":0,"80":0,"81":0,"83":0,"89":0,"90":0,"91":0,"94":0,"95":0,"96":0,"98":0,"100":0,"101":0,"102":0,"103":0,"104":0,"105":0,"106":0,"108":0,"112":0,"118":0,"119":0,"120":0,"124":0,"125":0,"126":0,"130":0,"131":0,"132":0,"133":0,"134":0,"135":0,"137":0,"140":0,"142":0,"146":0,"147":0,"154":0,"155":0,"157":0,"161":0,"162":0,"163":0,"164":1,"165":0,"166":0,"167":0,"168":0,"169":0,"170":0,"171":0,"177":0,"178":0,"179":0,"180":0,"181":0,"183":0,"188":0,"193":0,"198":1,"199":0,"200":0,"201":0,"202":0,"203":0,"205":0,"208":1,"209":0,"220":1,"221":0,"222":0,"223":0,"224":0,"225":0,"226":0,"228":0,"231":1,"232":0,"233":0,"234":0,"236":0,"238":0,"239":0,"241":0,"244":0,"245":0,"246":0,"249":1,"250":0,"251":0}},"/home/travis/build/npmtest/node-npmtest-fstream/node_modules/fstream/lib/proxy-reader.js":{"path":"/home/travis/build/npmtest/node-npmtest-fstream/node_modules/fstream/lib/proxy-reader.js","s":{"1":1,"2":1,"3":1,"4":1,"5":1,"6":1,"7":1,"8":0,"9":0,"10":0,"11":0,"12":0,"13":0,"14":0,"15":1,"16":0,"17":0,"18":0,"19":0,"20":0,"21":0,"22":0,"23":0,"24":0,"25":0,"26":0,"27":0,"28":1,"29":0,"30":0,"31":0,"32":0,"33":0,"34":0,"35":0,"36":0,"37":0,"38":0,"39":0,"40":0,"41":0,"42":0,"43":0,"44":1,"45":0,"46":1,"47":0},"b":{"1":[0,0],"2":[0,0],"3":[0,0],"4":[0,0],"5":[0,0],"6":[0,0],"7":[0,0]},"f":{"1":0,"2":0,"3":0,"4":0,"5":0,"6":0,"7":0,"8":0,"9":0},"fnMap":{"1":{"name":"ProxyReader","line":13,"loc":{"start":{"line":13,"column":0},"end":{"line":13,"column":29}}},"2":{"name":"(anonymous_2)","line":26,"loc":{"start":{"line":26,"column":30},"end":{"line":26,"column":42}}},"3":{"name":"(anonymous_3)","line":32,"loc":{"start":{"line":32,"column":23},"end":{"line":32,"column":46}}},"4":{"name":"(anonymous_4)","line":48,"loc":{"start":{"line":48,"column":34},"end":{"line":48,"column":51}}},"5":{"name":"(anonymous_5)","line":69,"loc":{"start":{"line":69,"column":12},"end":{"line":69,"column":26}}},"6":{"name":"(anonymous_6)","line":76,"loc":{"start":{"line":76,"column":20},"end":{"line":76,"column":32}}},"7":{"name":"(anonymous_7)","line":84,"loc":{"start":{"line":84,"column":16},"end":{"line":84,"column":29}}},"8":{"name":"(anonymous_8)","line":89,"loc":{"start":{"line":89,"column":30},"end":{"line":89,"column":42}}},"9":{"name":"(anonymous_9)","line":93,"loc":{"start":{"line":93,"column":31},"end":{"line":93,"column":43}}}},"statementMap":{"1":{"start":{"line":4,"column":0},"end":{"line":4,"column":28}},"2":{"start":{"line":6,"column":0},"end":{"line":6,"column":35}},"3":{"start":{"line":7,"column":0},"end":{"line":7,"column":38}},"4":{"start":{"line":8,"column":0},"end":{"line":8,"column":34}},"5":{"start":{"line":9,"column":0},"end":{"line":9,"column":31}},"6":{"start":{"line":11,"column":0},"end":{"line":11,"column":29}},"7":{"start":{"line":13,"column":0},"end":{"line":24,"column":1}},"8":{"start":{"line":14,"column":2},"end":{"line":14,"column":17}},"9":{"start":{"line":15,"column":2},"end":{"line":17,"column":3}},"10":{"start":{"line":16,"column":4},"end":{"line":16,"column":65}},"11":{"start":{"line":19,"column":2},"end":{"line":19,"column":20}},"12":{"start":{"line":20,"column":2},"end":{"line":20,"column":19}},"13":{"start":{"line":21,"column":2},"end":{"line":21,"column":20}},"14":{"start":{"line":23,"column":2},"end":{"line":23,"column":26}},"15":{"start":{"line":26,"column":0},"end":{"line":46,"column":1}},"16":{"start":{"line":27,"column":2},"end":{"line":27,"column":17}},"17":{"start":{"line":28,"column":2},"end":{"line":28,"column":24}},"18":{"start":{"line":30,"column":2},"end":{"line":30,"column":44}},"19":{"start":{"line":32,"column":2},"end":{"line":45,"column":4}},"20":{"start":{"line":33,"column":4},"end":{"line":33,"column":12}},"21":{"start":{"line":34,"column":4},"end":{"line":38,"column":5}},"22":{"start":{"line":35,"column":6},"end":{"line":35,"column":19}},"23":{"start":{"line":37,"column":6},"end":{"line":37,"column":29}},"24":{"start":{"line":40,"column":4},"end":{"line":40,"column":22}},"25":{"start":{"line":41,"column":4},"end":{"line":41,"column":33}},"26":{"start":{"line":43,"column":4},"end":{"line":43,"column":23}},"27":{"start":{"line":44,"column":4},"end":{"line":44,"column":42}},"28":{"start":{"line":48,"column":0},"end":{"line":87,"column":1}},"29":{"start":{"line":49,"column":2},"end":{"line":49,"column":17}},"30":{"start":{"line":50,"column":2},"end":{"line":52,"column":3}},"31":{"start":{"line":51,"column":4},"end":{"line":51,"column":42}},"32":{"start":{"line":54,"column":2},"end":{"line":54,"column":27}},"33":{"start":{"line":55,"column":2},"end":{"line":57,"column":3}},"34":{"start":{"line":57,"column":3},"end":{"line":72,"column":4}},"35":{"start":{"line":71,"column":4},"end":{"line":71,"column":42}},"36":{"start":{"line":74,"column":2},"end":{"line":74,"column":27}},"37":{"start":{"line":76,"column":2},"end":{"line":80,"column":4}},"38":{"start":{"line":78,"column":4},"end":{"line":78,"column":21}},"39":{"start":{"line":79,"column":4},"end":{"line":79,"column":22}},"40":{"start":{"line":82,"column":2},"end":{"line":82,"column":26}},"41":{"start":{"line":83,"column":2},"end":{"line":83,"column":25}},"42":{"start":{"line":84,"column":2},"end":{"line":86,"column":4}},"43":{"start":{"line":85,"column":4},"end":{"line":85,"column":34}},"44":{"start":{"line":89,"column":0},"end":{"line":91,"column":1}},"45":{"start":{"line":90,"column":2},"end":{"line":90,"column":62}},"46":{"start":{"line":93,"column":0},"end":{"line":95,"column":1}},"47":{"start":{"line":94,"column":2},"end":{"line":94,"column":63}}},"branchMap":{"1":{"line":15,"type":"if","locations":[{"start":{"line":15,"column":2},"end":{"line":15,"column":2}},{"start":{"line":15,"column":2},"end":{"line":15,"column":2}}]},"2":{"line":30,"type":"cond-expr","locations":[{"start":{"line":30,"column":28},"end":{"line":30,"column":34}},{"start":{"line":30,"column":37},"end":{"line":30,"column":44}}]},"3":{"line":34,"type":"if","locations":[{"start":{"line":34,"column":4},"end":{"line":34,"column":4}},{"start":{"line":34,"column":4},"end":{"line":34,"column":4}}]},"4":{"line":34,"type":"binary-expr","locations":[{"start":{"line":34,"column":8},"end":{"line":34,"column":10}},{"start":{"line":34,"column":14},"end":{"line":34,"column":22}}]},"5":{"line":50,"type":"if","locations":[{"start":{"line":50,"column":2},"end":{"line":50,"column":2}},{"start":{"line":50,"column":2},"end":{"line":50,"column":2}}]},"6":{"line":90,"type":"cond-expr","locations":[{"start":{"line":90,"column":29},"end":{"line":90,"column":54}},{"start":{"line":90,"column":57},"end":{"line":90,"column":62}}]},"7":{"line":94,"type":"cond-expr","locations":[{"start":{"line":94,"column":29},"end":{"line":94,"column":55}},{"start":{"line":94,"column":58},"end":{"line":94,"column":63}}]}},"code":["// A reader for when we don't yet know what kind of thing","// the thing is.","","module.exports = ProxyReader","","var Reader = require('./reader.js')","var getType = require('./get-type.js')","var inherits = require('inherits')","var fs = require('graceful-fs')","","inherits(ProxyReader, Reader)","","function ProxyReader (props) {","  var self = this","  if (!(self instanceof ProxyReader)) {","    throw new Error('ProxyReader must be called as constructor.')","  }","","  self.props = props","  self._buffer = []","  self.ready = false","","  Reader.call(self, props)","}","","ProxyReader.prototype._stat = function () {","  var self = this","  var props = self.props","  // stat the thing to see what the proxy should be.","  var stat = props.follow ? 'stat' : 'lstat'","","  fs[stat](props.path, function (er, current) {","    var type","    if (er || !current) {","      type = 'File'","    } else {","      type = getType(current)","    }","","    props[type] = true","    props.type = self.type = type","","    self._old = current","    self._addProxy(Reader(props, current))","  })","}","","ProxyReader.prototype._addProxy = function (proxy) {","  var self = this","  if (self._proxyTarget) {","    return self.error('proxy already set')","  }","","  self._proxyTarget = proxy","  proxy._proxy = self","","  ;[","    'error',","    'data',","    'end',","    'close',","    'linkpath',","    'entry',","    'entryEnd',","    'child',","    'childEnd',","    'warn',","    'stat'","  ].forEach(function (ev) {","    // console.error('~~ proxy event', ev, self.path)","    proxy.on(ev, self.emit.bind(self, ev))","  })","","  self.emit('proxy', proxy)","","  proxy.on('ready', function () {","    // console.error(\"~~ proxy is ready!\", self.path)","    self.ready = true","    self.emit('ready')","  })","","  var calls = self._buffer","  self._buffer.length = 0","  calls.forEach(function (c) {","    proxy[c[0]].apply(proxy, c[1])","  })","}","","ProxyReader.prototype.pause = function () {","  return this._proxyTarget ? this._proxyTarget.pause() : false","}","","ProxyReader.prototype.resume = function () {","  return this._proxyTarget ? this._proxyTarget.resume() : false","}",""],"l":{"4":1,"6":1,"7":1,"8":1,"9":1,"11":1,"13":1,"14":0,"15":0,"16":0,"19":0,"20":0,"21":0,"23":0,"26":1,"27":0,"28":0,"30":0,"32":0,"33":0,"34":0,"35":0,"37":0,"40":0,"41":0,"43":0,"44":0,"48":1,"49":0,"50":0,"51":0,"54":0,"55":0,"57":0,"71":0,"74":0,"76":0,"78":0,"79":0,"82":0,"83":0,"84":0,"85":0,"89":1,"90":0,"93":1,"94":0}},"/home/travis/build/npmtest/node-npmtest-fstream/node_modules/fstream/lib/socket-reader.js":{"path":"/home/travis/build/npmtest/node-npmtest-fstream/node_modules/fstream/lib/socket-reader.js","s":{"1":1,"2":1,"3":1,"4":1,"5":1,"6":0,"7":0,"8":0,"9":0,"10":0,"11":0,"12":1,"13":0,"14":0,"15":0,"16":0,"17":0,"18":0,"19":0},"b":{"1":[0,0],"2":[0,0],"3":[0,0],"4":[0,0],"5":[0,0]},"f":{"1":0,"2":0},"fnMap":{"1":{"name":"SocketReader","line":13,"loc":{"start":{"line":13,"column":0},"end":{"line":13,"column":30}}},"2":{"name":"(anonymous_2)","line":26,"loc":{"start":{"line":26,"column":31},"end":{"line":26,"column":43}}}},"statementMap":{"1":{"start":{"line":6,"column":0},"end":{"line":6,"column":29}},"2":{"start":{"line":8,"column":0},"end":{"line":8,"column":34}},"3":{"start":{"line":9,"column":0},"end":{"line":9,"column":35}},"4":{"start":{"line":11,"column":0},"end":{"line":11,"column":30}},"5":{"start":{"line":13,"column":0},"end":{"line":24,"column":1}},"6":{"start":{"line":14,"column":2},"end":{"line":14,"column":17}},"7":{"start":{"line":15,"column":2},"end":{"line":17,"column":3}},"8":{"start":{"line":16,"column":4},"end":{"line":16,"column":66}},"9":{"start":{"line":19,"column":2},"end":{"line":21,"column":3}},"10":{"start":{"line":20,"column":4},"end":{"line":20,"column":52}},"11":{"start":{"line":23,"column":2},"end":{"line":23,"column":26}},"12":{"start":{"line":26,"column":0},"end":{"line":36,"column":1}},"13":{"start":{"line":27,"column":2},"end":{"line":27,"column":17}},"14":{"start":{"line":28,"column":2},"end":{"line":28,"column":26}},"15":{"start":{"line":28,"column":20},"end":{"line":28,"column":26}},"16":{"start":{"line":31,"column":2},"end":{"line":35,"column":3}},"17":{"start":{"line":32,"column":4},"end":{"line":32,"column":20}},"18":{"start":{"line":33,"column":4},"end":{"line":33,"column":22}},"19":{"start":{"line":34,"column":4},"end":{"line":34,"column":22}}},"branchMap":{"1":{"line":15,"type":"if","locations":[{"start":{"line":15,"column":2},"end":{"line":15,"column":2}},{"start":{"line":15,"column":2},"end":{"line":15,"column":2}}]},"2":{"line":19,"type":"if","locations":[{"start":{"line":19,"column":2},"end":{"line":19,"column":2}},{"start":{"line":19,"column":2},"end":{"line":19,"column":2}}]},"3":{"line":19,"type":"binary-expr","locations":[{"start":{"line":19,"column":8},"end":{"line":19,"column":31}},{"start":{"line":19,"column":35},"end":{"line":19,"column":47}}]},"4":{"line":28,"type":"if","locations":[{"start":{"line":28,"column":2},"end":{"line":28,"column":2}},{"start":{"line":28,"column":2},"end":{"line":28,"column":2}}]},"5":{"line":31,"type":"if","locations":[{"start":{"line":31,"column":2},"end":{"line":31,"column":2}},{"start":{"line":31,"column":2},"end":{"line":31,"column":2}}]}},"code":["// Just get the stats, and then don't do anything.","// You can't really \"read\" from a socket.  You \"connect\" to it.","// Mostly, this is here so that reading a dir with a socket in it","// doesn't blow up.","","module.exports = SocketReader","","var inherits = require('inherits')","var Reader = require('./reader.js')","","inherits(SocketReader, Reader)","","function SocketReader (props) {","  var self = this","  if (!(self instanceof SocketReader)) {","    throw new Error('SocketReader must be called as constructor.')","  }","","  if (!(props.type === 'Socket' && props.Socket)) {","    throw new Error('Non-socket type ' + props.type)","  }","","  Reader.call(self, props)","}","","SocketReader.prototype._read = function () {","  var self = this","  if (self._paused) return","  // basically just a no-op, since we got all the info we have","  // from the _stat method","  if (!self._ended) {","    self.emit('end')","    self.emit('close')","    self._ended = true","  }","}",""],"l":{"6":1,"8":1,"9":1,"11":1,"13":1,"14":0,"15":0,"16":0,"19":0,"20":0,"23":0,"26":1,"27":0,"28":0,"31":0,"32":0,"33":0,"34":0}}}